[ 2016-11-01T11:33:14+08:00 ] ::1 /second_object_demo/index.php/Home/Orders/css/im.css
ERR: 非法操作:css

[ 2016-11-01T11:33:15+08:00 ] ::1 /second_object_demo/index.php/Home/Orders/js/staticbutton.js
ERR: 非法操作:js

[ 2016-11-01T11:33:15+08:00 ] ::1 /second_object_demo/index.php/Home/Orders/css/im.css
ERR: 非法操作:css

[ 2016-11-01T11:33:31+08:00 ] ::1 /second_object_demo/index.php/Home/Orders/zhufu.html
ERR: 非法操作:zhufu

[ 2016-11-01T11:43:59+08:00 ] ::1 /second_object_demo/index.php/Home/Orders/js/staticbutton.js
ERR: 非法操作:js

[ 2016-11-01T11:43:59+08:00 ] ::1 /second_object_demo/index.php/Home/Orders/css/im.css
ERR: 非法操作:css

[ 2016-11-01T11:43:59+08:00 ] ::1 /second_object_demo/index.php/Home/Orders/js/staticbutton.js
ERR: 非法操作:js

[ 2016-11-01T11:46:25+08:00 ] ::1 /second_object_demo/index.php/Home/Orders/js/staticbutton.js
ERR: 非法操作:js

[ 2016-11-01T11:46:25+08:00 ] ::1 /second_object_demo/index.php/Home/Orders/css/im.css
ERR: 非法操作:css

[ 2016-11-01T11:46:25+08:00 ] ::1 /second_object_demo/index.php/Home/Orders/js/staticbutton.js
ERR: 非法操作:js

[ 2016-11-01T11:46:28+08:00 ] ::1 /second_object_demo/index.php/Home/Orders/css/im.css
ERR: 非法操作:css

[ 2016-11-01T15:04:48+08:00 ] ::1 /second_object_demo/index.php/Home/Orders/css/im.css
ERR: 非法操作:css

[ 2016-11-01T15:04:48+08:00 ] ::1 /second_object_demo/index.php/Home/Orders/js/staticbutton.js
ERR: 非法操作:js

[ 2016-11-01T15:05:07+08:00 ] ::1 /second_object_demo/index.php/Home/Orders/css/im.css
ERR: 非法操作:css

[ 2016-11-01T15:05:07+08:00 ] ::1 /second_object_demo/index.php/Home/Orders/js/staticbutton.js
ERR: 非法操作:js

[ 2016-11-01T15:05:17+08:00 ] ::1 /second_object_demo/index.php/Home/Orders/css/im.css
ERR: 非法操作:css

[ 2016-11-01T15:05:17+08:00 ] ::1 /second_object_demo/index.php/Home/Orders/js/staticbutton.js
ERR: 非法操作:js

[ 2016-11-01T15:05:23+08:00 ] ::1 /second_object_demo/index.php/Home/Orders/about.html
ERR: 非法操作:about

[ 2016-11-01T15:05:27+08:00 ] ::1 /second_object_demo/index.php/Home/Orders/js/staticbutton.js
ERR: 非法操作:js

[ 2016-11-01T15:05:27+08:00 ] ::1 /second_object_demo/index.php/Home/Orders/css/im.css
ERR: 非法操作:css

[ 2016-11-01T15:05:27+08:00 ] ::1 /second_object_demo/index.php/Home/Orders/js/staticbutton.js
ERR: 非法操作:js

[ 2016-11-01T15:05:28+08:00 ] ::1 /second_object_demo/index.php/Home/Orders/css/im.css
ERR: 非法操作:css

[ 2016-11-01T15:05:44+08:00 ] ::1 /second_object_demo/index.php/Home/Orders/css/im.css
ERR: 非法操作:css

[ 2016-11-01T15:05:44+08:00 ] ::1 /second_object_demo/index.php/Home/Orders/js/staticbutton.js
ERR: 非法操作:js

[ 2016-11-01T15:05:44+08:00 ] ::1 /second_object_demo/index.php/Home/Orders/css/im.css
ERR: 非法操作:css

[ 2016-11-01T15:05:44+08:00 ] ::1 /second_object_demo/index.php/Home/Orders/js/staticbutton.js
ERR: 非法操作:js

[ 2016-11-01T15:05:51+08:00 ] ::1 /second_object_demo/index.php/Home/Orders/blog.html
ERR: 非法操作:blog

[ 2016-11-01T15:05:53+08:00 ] ::1 /second_object_demo/index.php/Home/Orders/css/im.css
ERR: 非法操作:css

[ 2016-11-01T15:05:53+08:00 ] ::1 /second_object_demo/index.php/Home/Orders/js/staticbutton.js
ERR: 非法操作:js

[ 2016-11-01T15:05:53+08:00 ] ::1 /second_object_demo/index.php/Home/Orders/js/staticbutton.js
ERR: 非法操作:js

[ 2016-11-01T15:06:20+08:00 ] ::1 /second_object_demo/index.php/Home/Orders/css/im.css
ERR: 非法操作:css

[ 2016-11-01T15:06:20+08:00 ] ::1 /second_object_demo/index.php/Home/Orders/js/staticbutton.js
ERR: 非法操作:js

[ 2016-11-01T15:06:20+08:00 ] ::1 /second_object_demo/index.php/Home/Orders/js/staticbutton.js
ERR: 非法操作:js

[ 2016-11-01T15:06:20+08:00 ] ::1 /second_object_demo/index.php/Home/Orders/css/im.css
ERR: 非法操作:css

[ 2016-11-01T15:06:37+08:00 ] ::1 /second_object_demo/index.php/Home/Orders/js/staticbutton.js
ERR: 非法操作:js

[ 2016-11-01T15:06:37+08:00 ] ::1 /second_object_demo/index.php/Home/Orders/css/im.css
ERR: 非法操作:css

[ 2016-11-01T15:06:37+08:00 ] ::1 /second_object_demo/index.php/Home/Orders/css/im.css
ERR: 非法操作:css

[ 2016-11-01T15:06:37+08:00 ] ::1 /second_object_demo/index.php/Home/Orders/js/staticbutton.js
ERR: 非法操作:js

[ 2016-11-01T16:05:36+08:00 ] ::1 /second_object_demo/index.php/Home/Orders/css/im.css
ERR: 非法操作:css

[ 2016-11-01T16:05:36+08:00 ] ::1 /second_object_demo/index.php/Home/Orders/js/staticbutton.js
ERR: 非法操作:js

[ 2016-11-01T16:05:36+08:00 ] ::1 /second_object_demo/index.php/Home/Orders/css/im.css
ERR: 非法操作:css

[ 2016-11-01T16:05:36+08:00 ] ::1 /second_object_demo/index.php/Home/Orders/js/staticbutton.js
ERR: 非法操作:js

[ 2016-11-01T19:15:16+08:00 ] ::1 /second_object_demo/index.php/Home/Orders/success.html%20method=?gid=1&uid=2&photo=2016-10-30%2F5815c8aa47b16.jpg&amount=2000&persons=1
ERR: 非法操作:success.html method=

[ 2016-11-01T19:16:42+08:00 ] ::1 /second_object_demo/index.php/Home/Orders/success.html%20method=?gid=1&uid=2&photo=2016-10-30%2F5815c8aa47b16.jpg&amount=2000&persons=1
ERR: 非法操作:success.html method=

[ 2016-11-01T19:16:46+08:00 ] ::1 /second_object_demo/index.php/Home/Orders/success.html%20method=?gid=1&uid=2&photo=2016-10-30%2F5815c8aa47b16.jpg&amount=2000&persons=1
ERR: 非法操作:success.html method=

[ 2016-11-01T20:31:10+08:00 ] ::1 /second_object_demo/index.php/Home/Orders/success.html
ERR: SQLSTATE[23000]: Integrity constraint violation: 1048 Column 'uid' cannot be null

[ 2016-11-01T20:35:17+08:00 ] ::1 /second_object_demo/index.php/Home/Orders/success.html
ERR: SQLSTATE[HY000]: General error: 1364 Field 'phone' doesn't have a default value

[ 2016-11-01T20:36:45+08:00 ] ::1 /second_object_demo/index.php/Home/Orders/success.html
ERR: SQLSTATE[23000]: Integrity constraint violation: 1048 Column 'phone' cannot be null

[ 2016-11-01T20:37:09+08:00 ] ::1 /second_object_demo/index.php/Home/Orders/success.html
ERR: SQLSTATE[42S22]: Column not found: 1054 Unknown column 'b0afa004' in 'where clause'

[ 2016-11-01T20:39:09+08:00 ] ::1 /second_object_demo/index.php/Home/Orders/css/im.css
ERR: 非法操作:css

[ 2016-11-01T20:39:09+08:00 ] ::1 /second_object_demo/index.php/Home/Orders/js/staticbutton.js
ERR: 非法操作:js

[ 2016-11-01T20:39:10+08:00 ] ::1 /second_object_demo/index.php/Home/Orders/css/im.css
ERR: 非法操作:css

[ 2016-11-01T20:39:10+08:00 ] ::1 /second_object_demo/index.php/Home/Orders/js/staticbutton.js
ERR: 非法操作:js

[ 2016-11-01T20:41:51+08:00 ] ::1 /second_object_demo/index.php/Home/Orders/css/im.css
ERR: 非法操作:css

[ 2016-11-01T20:41:51+08:00 ] ::1 /second_object_demo/index.php/Home/Orders/js/staticbutton.js
ERR: 非法操作:js

[ 2016-11-01T20:41:51+08:00 ] ::1 /second_object_demo/index.php/Home/Orders/css/im.css
ERR: 非法操作:css

[ 2016-11-01T20:41:51+08:00 ] ::1 /second_object_demo/index.php/Home/Orders/js/staticbutton.js
ERR: 非法操作:js

[ 2016-11-01T20:50:08+08:00 ] ::1 /second_object_demo/index.php/Home/Orders/js/staticbutton.js
ERR: 非法操作:js

[ 2016-11-01T20:50:08+08:00 ] ::1 /second_object_demo/index.php/Home/Orders/css/im.css
ERR: 非法操作:css

[ 2016-11-01T20:50:09+08:00 ] ::1 /second_object_demo/index.php/Home/Orders/css/im.css
ERR: 非法操作:css

[ 2016-11-01T20:50:09+08:00 ] ::1 /second_object_demo/index.php/Home/Orders/js/staticbutton.js
ERR: 非法操作:js

[ 2016-11-01T20:50:28+08:00 ] ::1 /second_object_demo/index.php/Home/Orders/css/im.css
ERR: 非法操作:css

[ 2016-11-01T20:50:28+08:00 ] ::1 /second_object_demo/index.php/Home/Orders/js/staticbutton.js
ERR: 非法操作:js

[ 2016-11-01T20:50:29+08:00 ] ::1 /second_object_demo/index.php/Home/Orders/js/staticbutton.js
ERR: 非法操作:js

[ 2016-11-01T20:50:29+08:00 ] ::1 /second_object_demo/index.php/Home/Orders/css/im.css
ERR: 非法操作:css

[ 2016-11-01T20:55:35+08:00 ] ::1 /second_object_demo/index.php/Home/Orders/css/im.css
ERR: 非法操作:css

[ 2016-11-01T20:55:36+08:00 ] ::1 /second_object_demo/index.php/Home/Orders/js/staticbutton.js
ERR: 非法操作:js

[ 2016-11-01T20:55:36+08:00 ] ::1 /second_object_demo/index.php/Home/Orders/css/im.css
ERR: 非法操作:css

[ 2016-11-01T20:55:36+08:00 ] ::1 /second_object_demo/index.php/Home/Orders/js/staticbutton.js
ERR: 非法操作:js

[ 2016-11-01T20:56:05+08:00 ] ::1 /second_object_demo/index.php/Home/Orders/css/im.css
ERR: 非法操作:css

[ 2016-11-01T20:56:05+08:00 ] ::1 /second_object_demo/index.php/Home/Orders/js/staticbutton.js
ERR: 非法操作:js

[ 2016-11-01T20:56:05+08:00 ] ::1 /second_object_demo/index.php/Home/Orders/css/im.css
ERR: 非法操作:css

[ 2016-11-01T20:56:05+08:00 ] ::1 /second_object_demo/index.php/Home/Orders/js/staticbutton.js
ERR: 非法操作:js

[ 2016-11-01T21:14:50+08:00 ] ::1 /second_object_demo/index.php/Home/Orders/js/staticbutton.js
ERR: 非法操作:js

[ 2016-11-01T21:14:50+08:00 ] ::1 /second_object_demo/index.php/Home/Orders/css/im.css
ERR: 非法操作:css

[ 2016-11-01T21:14:50+08:00 ] ::1 /second_object_demo/index.php/Home/Orders/js/staticbutton.js
ERR: 非法操作:js

[ 2016-11-01T21:18:46+08:00 ] ::1 /second_object_demo/index.php/Home/Orders/css/im.css
ERR: 非法操作:css

[ 2016-11-01T21:18:46+08:00 ] ::1 /second_object_demo/index.php/Home/Orders/js/staticbutton.js
ERR: 非法操作:js

[ 2016-11-01T21:18:46+08:00 ] ::1 /second_object_demo/index.php/Home/Orders/css/im.css
ERR: 非法操作:css

[ 2016-11-01T21:18:46+08:00 ] ::1 /second_object_demo/index.php/Home/Orders/js/staticbutton.js
ERR: 非法操作:js

[ 2016-11-01T21:19:27+08:00 ] ::1 /second_object_demo/index.php/Home/Orders/css/im.css
ERR: 非法操作:css

[ 2016-11-01T21:19:27+08:00 ] ::1 /second_object_demo/index.php/Home/Orders/js/staticbutton.js
ERR: 非法操作:js

[ 2016-11-01T21:19:55+08:00 ] ::1 /second_object_demo/index.php/Home/Orders/css/im.css
ERR: 非法操作:css

[ 2016-11-01T21:19:56+08:00 ] ::1 /second_object_demo/index.php/Home/Orders/js/staticbutton.js
ERR: 非法操作:js

[ 2016-11-01T21:19:56+08:00 ] ::1 /second_object_demo/index.php/Home/Orders/css/im.css
ERR: 非法操作:css

[ 2016-11-01T21:19:56+08:00 ] ::1 /second_object_demo/index.php/Home/Orders/js/staticbutton.js
ERR: 非法操作:js

[ 2016-11-01T21:23:15+08:00 ] ::1 /second_object_demo/index.php/Home/Orders/css/im.css
ERR: 非法操作:css

[ 2016-11-01T21:23:15+08:00 ] ::1 /second_object_demo/index.php/Home/Orders/js/staticbutton.js
ERR: 非法操作:js

[ 2016-11-01T21:23:15+08:00 ] ::1 /second_object_demo/index.php/Home/Orders/css/im.css
ERR: 非法操作:css

[ 2016-11-01T21:23:15+08:00 ] ::1 /second_object_demo/index.php/Home/Orders/js/staticbutton.js
ERR: 非法操作:js

[ 2016-11-01T21:23:21+08:00 ] ::1 /second_object_demo/index.php/Home/Orders/js/staticbutton.js
ERR: 非法操作:js

[ 2016-11-01T21:23:21+08:00 ] ::1 /second_object_demo/index.php/Home/Orders/css/im.css
ERR: 非法操作:css

[ 2016-11-01T21:23:21+08:00 ] ::1 /second_object_demo/index.php/Home/Orders/js/staticbutton.js
ERR: 非法操作:js

[ 2016-11-01T21:23:21+08:00 ] ::1 /second_object_demo/index.php/Home/Orders/css/im.css
ERR: 非法操作:css

[ 2016-11-01T21:23:25+08:00 ] ::1 /second_object_demo/index.php/Home/Orders/css/im.css
ERR: 非法操作:css

[ 2016-11-01T21:23:25+08:00 ] ::1 /second_object_demo/index.php/Home/Orders/js/staticbutton.js
ERR: 非法操作:js

[ 2016-11-01T22:31:28+08:00 ] ::1 /second_object_demo/index.php/Home/Orders/js/staticbutton.js
ERR: 非法操作:js

[ 2016-11-01T22:31:28+08:00 ] ::1 /second_object_demo/index.php/Home/Orders/css/im.css
ERR: 非法操作:css

[ 2016-11-01T22:47:28+08:00 ] ::1 /second_object_demo/index.php/Home/Orders/success.html
ERR: SQLSTATE[23000]: Integrity constraint violation: 1048 Column 'gid' cannot be null

[ 2016-11-01T22:47:30+08:00 ] ::1 /second_object_demo/index.php/Home/Orders/css/im.css
ERR: 非法操作:css

[ 2016-11-01T22:47:30+08:00 ] ::1 /second_object_demo/index.php/Home/Orders/js/staticbutton.js
ERR: 非法操作:js

[ 2016-11-01T22:47:30+08:00 ] ::1 /second_object_demo/index.php/Home/Orders/js/staticbutton.js
ERR: 非法操作:js

[ 2016-11-01T22:48:42+08:00 ] ::1 /second_object_demo/index.php/Home/Orders/css/im.css
ERR: 非法操作:css

[ 2016-11-01T22:48:42+08:00 ] ::1 /second_object_demo/index.php/Home/Orders/js/staticbutton.js
ERR: 非法操作:js

[ 2016-11-01T22:48:42+08:00 ] ::1 /second_object_demo/index.php/Home/Orders/css/im.css
ERR: 非法操作:css

[ 2016-11-01T22:48:42+08:00 ] ::1 /second_object_demo/index.php/Home/Orders/js/staticbutton.js
ERR: 非法操作:js

[ 2016-11-01T22:49:23+08:00 ] ::1 /second_object_demo/index.php/Home/Orders/css/im.css
ERR: 非法操作:css

[ 2016-11-01T22:49:23+08:00 ] ::1 /second_object_demo/index.php/Home/Orders/js/staticbutton.js
ERR: 非法操作:js

[ 2016-11-01T22:49:23+08:00 ] ::1 /second_object_demo/index.php/Home/Orders/css/im.css
ERR: 非法操作:css

[ 2016-11-01T22:49:23+08:00 ] ::1 /second_object_demo/index.php/Home/Orders/js/staticbutton.js
ERR: 非法操作:js

[ 2016-11-01T22:49:42+08:00 ] ::1 /second_object_demo/index.php/Home/Orders/js/staticbutton.js
ERR: 非法操作:js

[ 2016-11-01T22:49:42+08:00 ] ::1 /second_object_demo/index.php/Home/Orders/css/im.css
ERR: 非法操作:css

[ 2016-11-01T22:49:42+08:00 ] ::1 /second_object_demo/index.php/Home/Orders/js/staticbutton.js
ERR: 非法操作:js

[ 2016-11-01T22:49:46+08:00 ] ::1 /second_object_demo/index.php/Home/Orders/css/im.css
ERR: 非法操作:css

[ 2016-11-01T22:51:35+08:00 ] ::1 /second_object_demo/index.php/Home/Orders/success.html
ERR: SQLSTATE[23000]: Integrity constraint violation: 1048 Column 'gid' cannot be null

[ 2016-11-01T22:52:46+08:00 ] ::1 /second_object_demo/index.php/Home/Orders/success.html
ERR: SQLSTATE[23000]: Integrity constraint violation: 1048 Column 'gid' cannot be null

[ 2016-11-01T23:17:48+08:00 ] ::1 /second_object_demo/index.php/Home/Orders/css/im.css
ERR: 非法操作:css

[ 2016-11-01T23:17:48+08:00 ] ::1 /second_object_demo/index.php/Home/Orders/js/staticbutton.js
ERR: 非法操作:js

[ 2016-11-01T23:17:48+08:00 ] ::1 /second_object_demo/index.php/Home/Orders/js/staticbutton.js
ERR: 非法操作:js

[ 2016-11-01T23:17:48+08:00 ] ::1 /second_object_demo/index.php/Home/Orders/css/im.css
ERR: 非法操作:css

[ 2016-11-01T23:18:04+08:00 ] ::1 /second_object_demo/index.php/Home/Orders/css/im.css
ERR: 非法操作:css

[ 2016-11-01T23:18:04+08:00 ] ::1 /second_object_demo/index.php/Home/Orders/js/staticbutton.js
ERR: 非法操作:js

[ 2016-11-01T23:18:04+08:00 ] ::1 /second_object_demo/index.php/Home/Orders/css/im.css
ERR: 非法操作:css

[ 2016-11-01T23:18:04+08:00 ] ::1 /second_object_demo/index.php/Home/Orders/js/staticbutton.js
ERR: 非法操作:js

[ 2016-11-01T23:18:41+08:00 ] ::1 /second_object_demo/index.php/Home/Orders/js/staticbutton.js
ERR: 非法操作:js

[ 2016-11-01T23:18:41+08:00 ] ::1 /second_object_demo/index.php/Home/Orders/css/im.css
ERR: 非法操作:css

[ 2016-11-01T23:18:41+08:00 ] ::1 /second_object_demo/index.php/Home/Orders/css/im.css
ERR: 非法操作:css

[ 2016-11-01T23:18:41+08:00 ] ::1 /second_object_demo/index.php/Home/Orders/js/staticbutton.js
ERR: 非法操作:js

[ 2016-11-01T23:18:46+08:00 ] ::1 /second_object_demo/index.php/Home/Orders/js/staticbutton.js
ERR: 非法操作:js

[ 2016-11-01T23:18:46+08:00 ] ::1 /second_object_demo/index.php/Home/Orders/css/im.css
ERR: 非法操作:css

[ 2016-11-01T23:18:46+08:00 ] ::1 /second_object_demo/index.php/Home/Orders/js/staticbutton.js
ERR: 非法操作:js

[ 2016-11-01T23:18:46+08:00 ] ::1 /second_object_demo/index.php/Home/Orders/css/im.css
ERR: 非法操作:css

[ 2016-11-01T23:19:00+08:00 ] ::1 /second_object_demo/index.php/Home/Orders/css/im.css
ERR: 非法操作:css

[ 2016-11-01T23:19:00+08:00 ] ::1 /second_object_demo/index.php/Home/Orders/js/staticbutton.js
ERR: 非法操作:js

[ 2016-11-01T23:19:00+08:00 ] ::1 /second_object_demo/index.php/Home/Orders/css/im.css
ERR: 非法操作:css

[ 2016-11-01T23:19:00+08:00 ] ::1 /second_object_demo/index.php/Home/Orders/js/staticbutton.js
ERR: 非法操作:js

[ 2016-11-01T23:19:20+08:00 ] ::1 /second_object_demo/index.php/Home/Orders/js/staticbutton.js
ERR: 非法操作:js

[ 2016-11-01T23:19:20+08:00 ] ::1 /second_object_demo/index.php/Home/Orders/css/im.css
ERR: 非法操作:css

[ 2016-11-01T23:19:21+08:00 ] ::1 /second_object_demo/index.php/Home/Orders/css/im.css
ERR: 非法操作:css

[ 2016-11-01T23:19:21+08:00 ] ::1 /second_object_demo/index.php/Home/Orders/js/staticbutton.js
ERR: 非法操作:js

[ 2016-11-01T23:39:17+08:00 ] ::1 /second_object_demo/index.php/Home/Orders/css/im.css
ERR: 非法操作:css

[ 2016-11-01T23:39:17+08:00 ] ::1 /second_object_demo/index.php/Home/Orders/js/staticbutton.js
ERR: 非法操作:js

[ 2016-11-01T23:39:18+08:00 ] ::1 /second_object_demo/index.php/Home/Orders/css/im.css
ERR: 非法操作:css

[ 2016-11-01T23:39:18+08:00 ] ::1 /second_object_demo/index.php/Home/Orders/js/staticbutton.js
ERR: 非法操作:js

[ 2016-11-01T23:56:30+08:00 ] ::1 /second_object_demo/index.php/Home/Orders/js/staticbutton.js
ERR: 非法操作:js

[ 2016-11-01T23:56:30+08:00 ] ::1 /second_object_demo/index.php/Home/Orders/css/im.css
ERR: 非法操作:css

[ 2016-11-01T23:56:30+08:00 ] ::1 /second_object_demo/index.php/Home/Orders/js/staticbutton.js
ERR: 非法操作:js

[ 2016-11-01T23:56:33+08:00 ] ::1 /second_object_demo/index.php/Home/Orders/js/staticbutton.js
ERR: 非法操作:js

[ 2016-11-01T23:56:33+08:00 ] ::1 /second_object_demo/index.php/Home/Orders/css/im.css
ERR: 非法操作:css

[ 2016-11-01T23:56:33+08:00 ] ::1 /second_object_demo/index.php/Home/Orders/js/staticbutton.js
ERR: 非法操作:js

[ 2016-11-01T23:56:39+08:00 ] ::1 /second_object_demo/index.php/Home/Orders/zhifu.html
ERR: SQLSTATE[23000]: Integrity constraint violation: 1048 Column 'gid' cannot be null

[ 2016-11-01T23:58:03+08:00 ] ::1 /second_object_demo/index.php/Home/Orders/css/im.css
ERR: 非法操作:css

[ 2016-11-01T23:58:03+08:00 ] ::1 /second_object_demo/index.php/Home/Orders/js/staticbutton.js
ERR: 非法操作:js

[ 2016-11-01T23:58:05+08:00 ] ::1 /second_object_demo/index.php/Home/Orders/css/im.css
ERR: 非法操作:css

[ 2016-11-01T23:58:05+08:00 ] ::1 /second_object_demo/index.php/Home/Orders/js/staticbutton.js
ERR: 非法操作:js

[ 2016-11-01T23:58:16+08:00 ] ::1 /second_object_demo/index.php/Home/Orders/zhifu.html
ERR: SQLSTATE[23000]: Integrity constraint violation: 1048 Column 'gid' cannot be null

