[ 2016-11-04T18:03:29+08:00 ] ::1 /second_object_demo/index.php/Home/Search/address.html
INFO: [ app_begin ] --START--
INFO: Run Behavior\ReadHtmlCacheBehavior [ RunTime:0.001000s ]
INFO: [ app_begin ] --END-- [ RunTime:0.002000s ]
SQL: SHOW COLUMNS FROM `lamp_category` [ RunTime:0.0620s ]
SQL: SELECT * FROM `lamp_category` WHERE ( pid=0 )  [ RunTime:0.0420s ]

[ 2016-11-04T18:03:30+08:00 ] ::1 /second_object_demo/index.php/Home/Search/address.html?pid=1
INFO: [ app_begin ] --START--
INFO: Run Behavior\ReadHtmlCacheBehavior [ RunTime:0.001000s ]
INFO: [ app_begin ] --END-- [ RunTime:0.001000s ]
SQL: SHOW COLUMNS FROM `lamp_category` [ RunTime:0.0030s ]
SQL: SELECT * FROM `lamp_category` WHERE ( pid=1 )  [ RunTime:0.0000s ]

[ 2016-11-04T18:03:49+08:00 ] ::1 /second_object_demo/index.php/Home/Search/address.html
INFO: [ app_begin ] --START--
INFO: Run Behavior\ReadHtmlCacheBehavior [ RunTime:0.001000s ]
INFO: [ app_begin ] --END-- [ RunTime:0.001000s ]
SQL: SHOW COLUMNS FROM `lamp_category` [ RunTime:0.0030s ]
SQL: SELECT * FROM `lamp_category` WHERE ( pid=0 )  [ RunTime:0.0010s ]

[ 2016-11-04T18:03:50+08:00 ] ::1 /second_object_demo/index.php/Home/Search/address.html?pid=1
INFO: [ app_begin ] --START--
INFO: Run Behavior\ReadHtmlCacheBehavior [ RunTime:0.001000s ]
INFO: [ app_begin ] --END-- [ RunTime:0.001000s ]
SQL: SHOW COLUMNS FROM `lamp_category` [ RunTime:0.0030s ]
SQL: SELECT * FROM `lamp_category` WHERE ( pid=1 )  [ RunTime:0.0020s ]

[ 2016-11-04T18:22:26+08:00 ] ::1 /second_object_demo/index.php/Home/Search/address.html?pid=3
INFO: [ app_begin ] --START--
INFO: Run Behavior\ReadHtmlCacheBehavior [ RunTime:0.001000s ]
INFO: [ app_begin ] --END-- [ RunTime:0.003000s ]
SQL: SHOW COLUMNS FROM `lamp_category` [ RunTime:0.0040s ]
SQL: SELECT * FROM `lamp_category` WHERE ( pid=3 )  [ RunTime:0.0000s ]

[ 2016-11-04T18:22:28+08:00 ] ::1 /second_object_demo/index.php/Home/Search/address.html?pid=1
INFO: [ app_begin ] --START--
INFO: Run Behavior\ReadHtmlCacheBehavior [ RunTime:0.001000s ]
INFO: [ app_begin ] --END-- [ RunTime:0.002000s ]
SQL: SHOW COLUMNS FROM `lamp_category` [ RunTime:0.0020s ]
SQL: SELECT * FROM `lamp_category` WHERE ( pid=1 )  [ RunTime:0.0010s ]

[ 2016-11-04T18:23:57+08:00 ] ::1 /second_object_demo/index.php/Home/Search/address.html
INFO: [ app_begin ] --START--
INFO: Run Behavior\ReadHtmlCacheBehavior [ RunTime:0.001000s ]
INFO: [ app_begin ] --END-- [ RunTime:0.001000s ]
SQL: SHOW COLUMNS FROM `lamp_category` [ RunTime:0.0040s ]
SQL: SELECT * FROM `lamp_category` WHERE ( pid=0 )  [ RunTime:0.0030s ]

[ 2016-11-04T18:23:57+08:00 ] ::1 /second_object_demo/index.php/Home/Search/address.html?pid=1
INFO: [ app_begin ] --START--
INFO: Run Behavior\ReadHtmlCacheBehavior [ RunTime:0.001000s ]
INFO: [ app_begin ] --END-- [ RunTime:0.001000s ]
SQL: SHOW COLUMNS FROM `lamp_category` [ RunTime:0.0050s ]
SQL: SELECT * FROM `lamp_category` WHERE ( pid=1 )  [ RunTime:0.0000s ]

[ 2016-11-04T18:51:29+08:00 ] ::1 /second_object_demo/index.php/Home/Search/address.html
INFO: [ app_begin ] --START--
INFO: Run Behavior\ReadHtmlCacheBehavior [ RunTime:0.001000s ]
INFO: [ app_begin ] --END-- [ RunTime:0.001000s ]
SQL: SHOW COLUMNS FROM `lamp_category` [ RunTime:0.0440s ]
SQL: SELECT * FROM `lamp_category` WHERE ( pid=0 )  [ RunTime:0.0010s ]

[ 2016-11-04T18:51:30+08:00 ] ::1 /second_object_demo/index.php/Home/Search/address.html?pid=1
INFO: [ app_begin ] --START--
INFO: Run Behavior\ReadHtmlCacheBehavior [ RunTime:0.001000s ]
INFO: [ app_begin ] --END-- [ RunTime:0.001000s ]
SQL: SHOW COLUMNS FROM `lamp_category` [ RunTime:0.0010s ]
SQL: SELECT * FROM `lamp_category` WHERE ( pid=1 )  [ RunTime:0.0010s ]

