[ 2016-11-05T17:04:44+08:00 ] ::1 /second_object_demo/index.php/Home/Search/address.html
INFO: [ app_begin ] --START--
INFO: Run Behavior\ReadHtmlCacheBehavior [ RunTime:0.001000s ]
INFO: [ app_begin ] --END-- [ RunTime:0.002000s ]
SQL: SHOW COLUMNS FROM `lamp_category` [ RunTime:0.0830s ]
SQL: SELECT * FROM `lamp_category` WHERE ( pid=0 )  [ RunTime:0.0010s ]

[ 2016-11-05T17:04:44+08:00 ] ::1 /second_object_demo/index.php/Home/Search/address.html?pid=1
INFO: [ app_begin ] --START--
INFO: Run Behavior\ReadHtmlCacheBehavior [ RunTime:0.002000s ]
INFO: [ app_begin ] --END-- [ RunTime:0.002000s ]
SQL: SHOW COLUMNS FROM `lamp_category` [ RunTime:0.0030s ]
SQL: SELECT * FROM `lamp_category` WHERE ( pid=1 )  [ RunTime:0.0010s ]

[ 2016-11-05T20:55:44+08:00 ] ::1 /RealHome/index.php/Home/Search/address.html
INFO: [ app_begin ] --START--
INFO: Run Behavior\ReadHtmlCacheBehavior [ RunTime:0.001000s ]
INFO: [ app_begin ] --END-- [ RunTime:0.002000s ]
SQL: SHOW COLUMNS FROM `category` [ RunTime:0.0260s ]
SQL: SELECT * FROM `category` WHERE ( pid=0 )  [ RunTime:0.0000s ]

[ 2016-11-05T20:55:44+08:00 ] ::1 /RealHome/index.php/Home/Search/address.html?pid=1
INFO: [ app_begin ] --START--
INFO: Run Behavior\ReadHtmlCacheBehavior [ RunTime:0.001000s ]
INFO: [ app_begin ] --END-- [ RunTime:0.002000s ]
SQL: SHOW COLUMNS FROM `category` [ RunTime:0.0020s ]
SQL: SELECT * FROM `category` WHERE ( pid=1 )  [ RunTime:0.0010s ]

