[ 2016-11-02T00:02:07+08:00 ] ::1 /second_object_demo/index.php/Home/Orders/css/im.css
ERR: 非法操作:css

[ 2016-11-02T00:02:07+08:00 ] ::1 /second_object_demo/index.php/Home/Orders/js/staticbutton.js
ERR: 非法操作:js

[ 2016-11-02T00:02:07+08:00 ] ::1 /second_object_demo/index.php/Home/Orders/css/im.css
ERR: 非法操作:css

[ 2016-11-02T00:02:07+08:00 ] ::1 /second_object_demo/index.php/Home/Orders/js/staticbutton.js
ERR: 非法操作:js

[ 2016-11-02T00:02:10+08:00 ] ::1 /second_object_demo/index.php/Home/Orders/css/im.css
ERR: 非法操作:css

[ 2016-11-02T00:02:10+08:00 ] ::1 /second_object_demo/index.php/Home/Orders/js/staticbutton.js
ERR: 非法操作:js

[ 2016-11-02T00:02:10+08:00 ] ::1 /second_object_demo/index.php/Home/Orders/css/im.css
ERR: 非法操作:css

[ 2016-11-02T00:02:10+08:00 ] ::1 /second_object_demo/index.php/Home/Orders/js/staticbutton.js
ERR: 非法操作:js

[ 2016-11-02T00:02:39+08:00 ] ::1 /second_object_demo/index.php/Home/Orders/zhifu.html
ERR: SQLSTATE[23000]: Integrity constraint violation: 1048 Column 'gid' cannot be null

[ 2016-11-02T00:06:02+08:00 ] ::1 /second_object_demo/index.php/Home/Orders/js/staticbutton.js
ERR: 非法操作:js

[ 2016-11-02T00:06:02+08:00 ] ::1 /second_object_demo/index.php/Home/Orders/css/im.css
ERR: 非法操作:css

[ 2016-11-02T00:06:02+08:00 ] ::1 /second_object_demo/index.php/Home/Orders/css/im.css
ERR: 非法操作:css

[ 2016-11-02T00:06:02+08:00 ] ::1 /second_object_demo/index.php/Home/Orders/js/staticbutton.js
ERR: 非法操作:js

[ 2016-11-02T00:06:07+08:00 ] ::1 /second_object_demo/index.php/Home/Orders/css/im.css
ERR: 非法操作:css

[ 2016-11-02T00:06:07+08:00 ] ::1 /second_object_demo/index.php/Home/Orders/js/staticbutton.js
ERR: 非法操作:js

[ 2016-11-02T00:06:07+08:00 ] ::1 /second_object_demo/index.php/Home/Orders/css/im.css
ERR: 非法操作:css

[ 2016-11-02T00:06:07+08:00 ] ::1 /second_object_demo/index.php/Home/Orders/js/staticbutton.js
ERR: 非法操作:js

[ 2016-11-02T00:07:24+08:00 ] ::1 /second_object_demo/index.php/Home/Orders/css/im.css
ERR: 非法操作:css

[ 2016-11-02T00:07:24+08:00 ] ::1 /second_object_demo/index.php/Home/Orders/js/staticbutton.js
ERR: 非法操作:js

[ 2016-11-02T00:07:28+08:00 ] ::1 /second_object_demo/index.php/Home/Orders/css/im.css
ERR: 非法操作:css

[ 2016-11-02T00:07:28+08:00 ] ::1 /second_object_demo/index.php/Home/Orders/js/staticbutton.js
ERR: 非法操作:js

[ 2016-11-02T00:07:44+08:00 ] ::1 /second_object_demo/index.php/Home/Orders/zhifu.html
ERR: SQLSTATE[23000]: Integrity constraint violation: 1048 Column 'gid' cannot be null

[ 2016-11-02T00:09:01+08:00 ] ::1 /second_object_demo/index.php/Home/Orders/css/im.css
ERR: 非法操作:css

[ 2016-11-02T00:09:01+08:00 ] ::1 /second_object_demo/index.php/Home/Orders/js/staticbutton.js
ERR: 非法操作:js

[ 2016-11-02T00:09:01+08:00 ] ::1 /second_object_demo/index.php/Home/Orders/js/staticbutton.js
ERR: 非法操作:js

[ 2016-11-02T00:09:01+08:00 ] ::1 /second_object_demo/index.php/Home/Orders/css/im.css
ERR: 非法操作:css

[ 2016-11-02T00:09:04+08:00 ] ::1 /second_object_demo/index.php/Home/Orders/css/im.css
ERR: 非法操作:css

[ 2016-11-02T00:09:04+08:00 ] ::1 /second_object_demo/index.php/Home/Orders/js/staticbutton.js
ERR: 非法操作:js

[ 2016-11-02T00:09:14+08:00 ] ::1 /second_object_demo/index.php/Home/Orders/zhifu.html
ERR: SQLSTATE[23000]: Integrity constraint violation: 1048 Column 'gid' cannot be null

[ 2016-11-02T00:09:53+08:00 ] ::1 /second_object_demo/index.php/Home/Orders/css/im.css
ERR: 非法操作:css

[ 2016-11-02T00:09:54+08:00 ] ::1 /second_object_demo/index.php/Home/Orders/js/staticbutton.js
ERR: 非法操作:js

[ 2016-11-02T00:09:54+08:00 ] ::1 /second_object_demo/index.php/Home/Orders/css/im.css
ERR: 非法操作:css

[ 2016-11-02T00:09:54+08:00 ] ::1 /second_object_demo/index.php/Home/Orders/js/staticbutton.js
ERR: 非法操作:js

[ 2016-11-02T00:09:58+08:00 ] ::1 /second_object_demo/index.php/Home/Orders/js/staticbutton.js
ERR: 非法操作:js

[ 2016-11-02T00:09:58+08:00 ] ::1 /second_object_demo/index.php/Home/Orders/css/im.css
ERR: 非法操作:css

[ 2016-11-02T00:11:56+08:00 ] ::1 /second_object_demo/index.php/Home/Orders/css/im.css
ERR: 非法操作:css

[ 2016-11-02T00:11:56+08:00 ] ::1 /second_object_demo/index.php/Home/Orders/js/staticbutton.js
ERR: 非法操作:js

[ 2016-11-02T00:11:58+08:00 ] ::1 /second_object_demo/index.php/Home/Orders/js/staticbutton.js
ERR: 非法操作:js

[ 2016-11-02T00:11:58+08:00 ] ::1 /second_object_demo/index.php/Home/Orders/css/im.css
ERR: 非法操作:css

[ 2016-11-02T00:11:58+08:00 ] ::1 /second_object_demo/index.php/Home/Orders/js/staticbutton.js
ERR: 非法操作:js

[ 2016-11-02T00:12:14+08:00 ] ::1 /second_object_demo/index.php/Home/Orders/zhifu.html
ERR: SQLSTATE[23000]: Integrity constraint violation: 1048 Column 'gid' cannot be null

[ 2016-11-02T00:12:52+08:00 ] ::1 /second_object_demo/index.php/Home/Orders/css/im.css
ERR: 非法操作:css

[ 2016-11-02T00:12:52+08:00 ] ::1 /second_object_demo/index.php/Home/Orders/js/staticbutton.js
ERR: 非法操作:js

[ 2016-11-02T00:12:52+08:00 ] ::1 /second_object_demo/index.php/Home/Orders/css/im.css
ERR: 非法操作:css

[ 2016-11-02T00:12:52+08:00 ] ::1 /second_object_demo/index.php/Home/Orders/js/staticbutton.js
ERR: 非法操作:js

[ 2016-11-02T00:12:56+08:00 ] ::1 /second_object_demo/index.php/Home/Orders/js/staticbutton.js
ERR: 非法操作:js

[ 2016-11-02T00:12:56+08:00 ] ::1 /second_object_demo/index.php/Home/Orders/css/im.css
ERR: 非法操作:css

[ 2016-11-02T00:13:06+08:00 ] ::1 /second_object_demo/index.php/Home/Orders/zhifu.html
ERR: SQLSTATE[23000]: Integrity constraint violation: 1048 Column 'gid' cannot be null

[ 2016-11-02T00:15:03+08:00 ] ::1 /second_object_demo/index.php/Home/Orders/css/im.css
ERR: 非法操作:css

[ 2016-11-02T00:15:03+08:00 ] ::1 /second_object_demo/index.php/Home/Orders/js/staticbutton.js
ERR: 非法操作:js

[ 2016-11-02T00:15:03+08:00 ] ::1 /second_object_demo/index.php/Home/Orders/css/im.css
ERR: 非法操作:css

[ 2016-11-02T00:15:06+08:00 ] ::1 /second_object_demo/index.php/Home/Orders/js/staticbutton.js
ERR: 非法操作:js

[ 2016-11-02T00:15:06+08:00 ] ::1 /second_object_demo/index.php/Home/Orders/css/im.css
ERR: 非法操作:css

[ 2016-11-02T00:15:51+08:00 ] ::1 /second_object_demo/index.php/Home/Orders/css/im.css
ERR: 非法操作:css

[ 2016-11-02T00:15:51+08:00 ] ::1 /second_object_demo/index.php/Home/Orders/js/staticbutton.js
ERR: 非法操作:js

[ 2016-11-02T00:15:51+08:00 ] ::1 /second_object_demo/index.php/Home/Orders/css/im.css
ERR: 非法操作:css

[ 2016-11-02T00:15:51+08:00 ] ::1 /second_object_demo/index.php/Home/Orders/js/staticbutton.js
ERR: 非法操作:js

[ 2016-11-02T00:15:53+08:00 ] ::1 /second_object_demo/index.php/Home/Orders/js/staticbutton.js
ERR: 非法操作:js

[ 2016-11-02T00:15:53+08:00 ] ::1 /second_object_demo/index.php/Home/Orders/css/im.css
ERR: 非法操作:css

[ 2016-11-02T00:15:53+08:00 ] ::1 /second_object_demo/index.php/Home/Orders/css/im.css
ERR: 非法操作:css

[ 2016-11-02T00:15:53+08:00 ] ::1 /second_object_demo/index.php/Home/Orders/js/staticbutton.js
ERR: 非法操作:js

[ 2016-11-02T15:32:04+08:00 ] ::1 /second_object_demo/index.php/Home/Orders/css/im.css
ERR: 非法操作:css

[ 2016-11-02T15:32:05+08:00 ] ::1 /second_object_demo/index.php/Home/Orders/js/staticbutton.js
ERR: 非法操作:js

[ 2016-11-02T15:32:05+08:00 ] ::1 /second_object_demo/index.php/Home/Orders/css/im.css
ERR: 非法操作:css

[ 2016-11-02T15:32:05+08:00 ] ::1 /second_object_demo/index.php/Home/Orders/js/staticbutton.js
ERR: 非法操作:js

[ 2016-11-02T19:23:16+08:00 ] ::1 /second_object_demo/index.php/Home/Orders/js/staticbutton.js
ERR: 非法操作:js

[ 2016-11-02T19:23:17+08:00 ] ::1 /second_object_demo/index.php/Home/Orders/css/im.css
ERR: 非法操作:css

[ 2016-11-02T19:23:17+08:00 ] ::1 /second_object_demo/index.php/Home/Orders/js/staticbutton.js
ERR: 非法操作:js

[ 2016-11-02T19:23:17+08:00 ] ::1 /second_object_demo/index.php/Home/Orders/css/im.css
ERR: 非法操作:css

[ 2016-11-02T19:24:07+08:00 ] ::1 /second_object_demo/index.php/Home/Orders/css/im.css
ERR: 非法操作:css

[ 2016-11-02T19:24:07+08:00 ] ::1 /second_object_demo/index.php/Home/Orders/js/staticbutton.js
ERR: 非法操作:js

[ 2016-11-02T22:04:36+08:00 ] ::1 /second_object_demo/index.php/Home/Search/address.html
INFO: [ app_begin ] --START--
INFO: Run Behavior\ReadHtmlCacheBehavior [ RunTime:0.001001s ]
INFO: [ app_begin ] --END-- [ RunTime:0.002001s ]
SQL: SHOW COLUMNS FROM `lamp_category` [ RunTime:0.1360s ]
SQL: SELECT * FROM `lamp_category` WHERE ( pid=0 )  [ RunTime:0.2330s ]
INFO: [ app_end ] --START--
INFO: Run Behavior\ShowPageTraceBehavior [ RunTime:0.001000s ]
INFO: [ app_end ] --END-- [ RunTime:0.002000s ]

[ 2016-11-02T22:08:33+08:00 ] ::1 /second_object_demo/index.php/Home/Search/address.html
INFO: [ app_begin ] --START--
INFO: Run Behavior\ReadHtmlCacheBehavior [ RunTime:0.001000s ]
INFO: [ app_begin ] --END-- [ RunTime:0.002000s ]
SQL: SHOW COLUMNS FROM `lamp_category` [ RunTime:0.0620s ]
SQL: SELECT * FROM `lamp_category` WHERE ( pid=0 )  [ RunTime:0.0490s ]
INFO: [ app_end ] --START--
INFO: Run Behavior\ShowPageTraceBehavior [ RunTime:0.002000s ]
INFO: [ app_end ] --END-- [ RunTime:0.003000s ]

[ 2016-11-02T22:13:55+08:00 ] ::1 /second_object_demo/index.php/Home/Search/address.html
INFO: [ app_begin ] --START--
INFO: Run Behavior\ReadHtmlCacheBehavior [ RunTime:0.001000s ]
INFO: [ app_begin ] --END-- [ RunTime:0.002000s ]
SQL: SHOW COLUMNS FROM `lamp_category` [ RunTime:0.0790s ]
SQL: SELECT * FROM `lamp_category` WHERE ( pid=0 )  [ RunTime:0.0810s ]
INFO: [ app_end ] --START--
INFO: Run Behavior\ShowPageTraceBehavior [ RunTime:0.001000s ]
INFO: [ app_end ] --END-- [ RunTime:0.002000s ]

[ 2016-11-02T22:14:43+08:00 ] ::1 /second_object_demo/index.php/Home/Search/address.html
INFO: [ app_begin ] --START--
INFO: Run Behavior\ReadHtmlCacheBehavior [ RunTime:0.004001s ]
INFO: [ app_begin ] --END-- [ RunTime:0.006001s ]
SQL: SHOW COLUMNS FROM `lamp_category` [ RunTime:0.0920s ]
SQL: SELECT * FROM `lamp_category` WHERE ( pid=0 )  [ RunTime:0.0590s ]
INFO: [ app_end ] --START--
INFO: Run Behavior\ShowPageTraceBehavior [ RunTime:0.002000s ]
INFO: [ app_end ] --END-- [ RunTime:0.002000s ]

[ 2016-11-02T22:17:27+08:00 ] ::1 /second_object_demo/index.php/Home/Search/address.html
INFO: [ app_begin ] --START--
INFO: Run Behavior\ReadHtmlCacheBehavior [ RunTime:0.002000s ]
INFO: [ app_begin ] --END-- [ RunTime:0.003000s ]
SQL: SHOW COLUMNS FROM `lamp_category` [ RunTime:0.0630s ]
SQL: SELECT * FROM `lamp_category` WHERE ( pid=0 )  [ RunTime:0.0470s ]
INFO: [ app_end ] --START--
INFO: Run Behavior\ShowPageTraceBehavior [ RunTime:0.001000s ]
INFO: [ app_end ] --END-- [ RunTime:0.001000s ]

[ 2016-11-02T22:19:56+08:00 ] ::1 /second_object_demo/index.php/Home/Search/address.html
INFO: [ app_begin ] --START--
INFO: Run Behavior\ReadHtmlCacheBehavior [ RunTime:0.001000s ]
INFO: [ app_begin ] --END-- [ RunTime:0.003000s ]
SQL: SHOW COLUMNS FROM `lamp_category` [ RunTime:0.0300s ]
SQL: SELECT * FROM `lamp_category` WHERE ( pid=0 )  [ RunTime:0.0330s ]

[ 2016-11-02T22:21:35+08:00 ] ::1 /second_object_demo/index.php/Home/Search/address.html
INFO: [ app_begin ] --START--
INFO: Run Behavior\ReadHtmlCacheBehavior [ RunTime:0.002000s ]
INFO: [ app_begin ] --END-- [ RunTime:0.003000s ]
SQL: SHOW COLUMNS FROM `lamp_category` [ RunTime:0.0670s ]
SQL: SELECT * FROM `lamp_category` WHERE ( pid=0 )  [ RunTime:0.0150s ]

[ 2016-11-02T22:21:56+08:00 ] ::1 /second_object_demo/index.php/Home/Search/address.html
INFO: [ app_begin ] --START--
INFO: Run Behavior\ReadHtmlCacheBehavior [ RunTime:0.002000s ]
INFO: [ app_begin ] --END-- [ RunTime:0.003000s ]
SQL: SHOW COLUMNS FROM `lamp_category` [ RunTime:0.0450s ]
SQL: SELECT * FROM `lamp_category` WHERE ( pid=0 )  [ RunTime:0.0000s ]

[ 2016-11-02T22:24:37+08:00 ] ::1 /second_object_demo/index.php/Home/Search/address.html
INFO: [ app_begin ] --START--
INFO: Run Behavior\ReadHtmlCacheBehavior [ RunTime:0.001000s ]
INFO: [ app_begin ] --END-- [ RunTime:0.003000s ]
SQL: SHOW COLUMNS FROM `lamp_category` [ RunTime:0.0130s ]
SQL: SELECT * FROM `lamp_category` WHERE ( pid=0 )  [ RunTime:0.0010s ]

[ 2016-11-02T22:26:13+08:00 ] ::1 /second_object_demo/index.php/Home/Search/address.html
INFO: [ app_begin ] --START--
INFO: Run Behavior\ReadHtmlCacheBehavior [ RunTime:0.000000s ]
INFO: [ app_begin ] --END-- [ RunTime:0.002000s ]
SQL: SHOW COLUMNS FROM `lamp_category` [ RunTime:0.0030s ]
SQL: SELECT * FROM `lamp_category` WHERE ( pid=0 )  [ RunTime:0.0000s ]

[ 2016-11-02T22:31:49+08:00 ] ::1 /second_object_demo/index.php/Home/Search/address.html
INFO: [ app_begin ] --START--
INFO: Run Behavior\ReadHtmlCacheBehavior [ RunTime:0.002000s ]
INFO: [ app_begin ] --END-- [ RunTime:0.002000s ]
SQL: SHOW COLUMNS FROM `lamp_category` [ RunTime:0.0130s ]
SQL: SELECT * FROM `lamp_category` WHERE ( pid=0 )  [ RunTime:0.0000s ]

[ 2016-11-02T22:34:26+08:00 ] ::1 /second_object_demo/index.php/Home/Search/address.html
INFO: [ app_begin ] --START--
INFO: Run Behavior\ReadHtmlCacheBehavior [ RunTime:0.001000s ]
INFO: [ app_begin ] --END-- [ RunTime:0.002000s ]
SQL: SHOW COLUMNS FROM `lamp_category` [ RunTime:0.0010s ]
SQL: SELECT * FROM `lamp_category` WHERE ( pid=0 )  [ RunTime:0.0010s ]

[ 2016-11-02T22:39:36+08:00 ] ::1 /second_object_demo/index.php/Home/Search/address.html
INFO: [ app_begin ] --START--
INFO: Run Behavior\ReadHtmlCacheBehavior [ RunTime:0.001000s ]
INFO: [ app_begin ] --END-- [ RunTime:0.002000s ]
SQL: SHOW COLUMNS FROM `lamp_category` [ RunTime:0.0630s ]
SQL: SELECT * FROM `lamp_category` WHERE ( pid=0 )  [ RunTime:0.0530s ]

[ 2016-11-02T22:40:52+08:00 ] ::1 /second_object_demo/index.php/Home/Search/address.html
INFO: [ app_begin ] --START--
INFO: Run Behavior\ReadHtmlCacheBehavior [ RunTime:0.001000s ]
INFO: [ app_begin ] --END-- [ RunTime:0.001000s ]
SQL: SHOW COLUMNS FROM `lamp_category` [ RunTime:0.7920s ]
SQL: SELECT * FROM `lamp_category` WHERE ( pid=0 )  [ RunTime:0.2000s ]

[ 2016-11-02T22:41:20+08:00 ] ::1 /second_object_demo/index.php/Home/Search/address.html
INFO: [ app_begin ] --START--
INFO: Run Behavior\ReadHtmlCacheBehavior [ RunTime:0.002000s ]
INFO: [ app_begin ] --END-- [ RunTime:0.002000s ]
SQL: SHOW COLUMNS FROM `lamp_category` [ RunTime:0.0650s ]
SQL: SELECT * FROM `lamp_category` WHERE ( pid=0 )  [ RunTime:0.0280s ]

[ 2016-11-02T22:42:42+08:00 ] ::1 /second_object_demo/index.php/Home/Search/address.html
INFO: [ app_begin ] --START--
INFO: Run Behavior\ReadHtmlCacheBehavior [ RunTime:0.002000s ]
INFO: [ app_begin ] --END-- [ RunTime:0.002000s ]
SQL: SHOW COLUMNS FROM `lamp_category` [ RunTime:0.0700s ]
SQL: SELECT * FROM `lamp_category` WHERE ( pid=0 )  [ RunTime:0.0300s ]

[ 2016-11-02T22:45:37+08:00 ] ::1 /second_object_demo/index.php/Home/Search/address.html
INFO: [ app_begin ] --START--
INFO: Run Behavior\ReadHtmlCacheBehavior [ RunTime:0.001000s ]
INFO: [ app_begin ] --END-- [ RunTime:0.001000s ]
SQL: SHOW COLUMNS FROM `lamp_category` [ RunTime:0.0500s ]
SQL: SELECT * FROM `lamp_category` WHERE ( pid=0 )  [ RunTime:0.0010s ]

[ 2016-11-02T22:45:58+08:00 ] ::1 /second_object_demo/index.php/Home/Search/address.html
INFO: [ app_begin ] --START--
INFO: Run Behavior\ReadHtmlCacheBehavior [ RunTime:0.001000s ]
INFO: [ app_begin ] --END-- [ RunTime:0.002000s ]
SQL: SHOW COLUMNS FROM `lamp_category` [ RunTime:0.0130s ]
SQL: SELECT * FROM `lamp_category` WHERE ( pid=0 )  [ RunTime:0.0010s ]

[ 2016-11-02T22:49:43+08:00 ] ::1 /second_object_demo/index.php/Home/Search/address.html
INFO: [ app_begin ] --START--
INFO: Run Behavior\ReadHtmlCacheBehavior [ RunTime:0.001000s ]
INFO: [ app_begin ] --END-- [ RunTime:0.001000s ]
SQL: SHOW COLUMNS FROM `lamp_category` [ RunTime:0.0320s ]
SQL: SELECT * FROM `lamp_category` WHERE ( pid=0 )  [ RunTime:0.0030s ]

[ 2016-11-02T22:50:05+08:00 ] ::1 /second_object_demo/index.php/Home/Search/address.html
INFO: [ app_begin ] --START--
INFO: Run Behavior\ReadHtmlCacheBehavior [ RunTime:0.001000s ]
INFO: [ app_begin ] --END-- [ RunTime:0.002000s ]
SQL: SHOW COLUMNS FROM `lamp_category` [ RunTime:0.0660s ]
SQL: SELECT * FROM `lamp_category` WHERE ( pid=0 )  [ RunTime:0.0000s ]

[ 2016-11-02T22:52:58+08:00 ] ::1 /second_object_demo/index.php/Home/Search/address.html
INFO: [ app_begin ] --START--
INFO: Run Behavior\ReadHtmlCacheBehavior [ RunTime:0.002001s ]
INFO: [ app_begin ] --END-- [ RunTime:0.004001s ]
SQL: SHOW COLUMNS FROM `lamp_category` [ RunTime:0.0550s ]
SQL: SELECT * FROM `lamp_category` WHERE ( pid=0 )  [ RunTime:0.0200s ]

[ 2016-11-02T22:53:26+08:00 ] ::1 /second_object_demo/index.php/Home/Search/address.html
INFO: [ app_begin ] --START--
INFO: Run Behavior\ReadHtmlCacheBehavior [ RunTime:0.002000s ]
INFO: [ app_begin ] --END-- [ RunTime:0.003000s ]
SQL: SHOW COLUMNS FROM `lamp_category` [ RunTime:0.0100s ]
SQL: SELECT * FROM `lamp_category` WHERE ( pid=0 )  [ RunTime:0.0010s ]

[ 2016-11-02T22:54:39+08:00 ] ::1 /second_object_demo/index.php/Home/Search/address.html
INFO: [ app_begin ] --START--
INFO: Run Behavior\ReadHtmlCacheBehavior [ RunTime:0.002000s ]
INFO: [ app_begin ] --END-- [ RunTime:0.003000s ]
SQL: SHOW COLUMNS FROM `lamp_category` [ RunTime:0.0680s ]
SQL: SELECT * FROM `lamp_category` WHERE ( pid=0 )  [ RunTime:0.0130s ]

[ 2016-11-02T22:59:16+08:00 ] ::1 /second_object_demo/index.php/Home/Search/address.html
INFO: [ app_begin ] --START--
INFO: Run Behavior\ReadHtmlCacheBehavior [ RunTime:0.008001s ]
INFO: [ app_begin ] --END-- [ RunTime:0.012001s ]
SQL: SHOW COLUMNS FROM `lamp_category` [ RunTime:0.0940s ]
SQL: SELECT * FROM `lamp_category` WHERE ( pid=0 )  [ RunTime:0.0340s ]

[ 2016-11-02T23:00:15+08:00 ] ::1 /second_object_demo/index.php/Home/Search/address.html
INFO: [ app_begin ] --START--
INFO: Run Behavior\ReadHtmlCacheBehavior [ RunTime:0.004000s ]
INFO: [ app_begin ] --END-- [ RunTime:0.005000s ]
SQL: SHOW COLUMNS FROM `lamp_category` [ RunTime:0.0260s ]
SQL: SELECT * FROM `lamp_category` WHERE ( pid=0 )  [ RunTime:0.0080s ]

[ 2016-11-02T23:15:02+08:00 ] ::1 /second_object_demo/index.php/Home/Search/address.html
INFO: [ app_begin ] --START--
INFO: Run Behavior\ReadHtmlCacheBehavior [ RunTime:0.001000s ]
INFO: [ app_begin ] --END-- [ RunTime:0.002001s ]
SQL: SHOW COLUMNS FROM `lamp_category` [ RunTime:0.0180s ]
SQL: SELECT * FROM `lamp_category` WHERE ( pid=0 )  [ RunTime:0.0010s ]

[ 2016-11-02T23:15:03+08:00 ] ::1 /second_object_demo/index.php/Home/Search/address.html?pid=1
INFO: [ app_begin ] --START--
INFO: Run Behavior\ReadHtmlCacheBehavior [ RunTime:0.001000s ]
INFO: [ app_begin ] --END-- [ RunTime:0.002000s ]
SQL: SHOW COLUMNS FROM `lamp_category` [ RunTime:0.0450s ]
SQL: SELECT * FROM `lamp_category` WHERE ( pid=1 )  [ RunTime:0.0010s ]

[ 2016-11-02T23:15:12+08:00 ] ::1 /second_object_demo/index.php/Home/Search/address.html?pid=3
INFO: [ app_begin ] --START--
INFO: Run Behavior\ReadHtmlCacheBehavior [ RunTime:0.001000s ]
INFO: [ app_begin ] --END-- [ RunTime:0.002000s ]
SQL: SHOW COLUMNS FROM `lamp_category` [ RunTime:0.0240s ]
SQL: SELECT * FROM `lamp_category` WHERE ( pid=3 )  [ RunTime:0.0000s ]

[ 2016-11-02T23:15:47+08:00 ] ::1 /second_object_demo/index.php/Home/Search/address.html
INFO: [ app_begin ] --START--
INFO: Run Behavior\ReadHtmlCacheBehavior [ RunTime:0.002000s ]
INFO: [ app_begin ] --END-- [ RunTime:0.003000s ]
SQL: SHOW COLUMNS FROM `lamp_category` [ RunTime:0.0140s ]
SQL: SELECT * FROM `lamp_category` WHERE ( pid=0 )  [ RunTime:0.0010s ]

[ 2016-11-02T23:15:48+08:00 ] ::1 /second_object_demo/index.php/Home/Search/address.html?pid=1
INFO: [ app_begin ] --START--
INFO: Run Behavior\ReadHtmlCacheBehavior [ RunTime:0.002000s ]
INFO: [ app_begin ] --END-- [ RunTime:0.002000s ]
SQL: SHOW COLUMNS FROM `lamp_category` [ RunTime:0.0050s ]
SQL: SELECT * FROM `lamp_category` WHERE ( pid=1 )  [ RunTime:0.0010s ]

[ 2016-11-02T23:15:56+08:00 ] ::1 /second_object_demo/index.php/Home/Search/address.html?pid=3
INFO: [ app_begin ] --START--
INFO: Run Behavior\ReadHtmlCacheBehavior [ RunTime:0.002000s ]
INFO: [ app_begin ] --END-- [ RunTime:0.002000s ]
SQL: SHOW COLUMNS FROM `lamp_category` [ RunTime:0.0080s ]
SQL: SELECT * FROM `lamp_category` WHERE ( pid=3 )  [ RunTime:0.0350s ]

[ 2016-11-02T23:16:22+08:00 ] ::1 /second_object_demo/index.php/Home/Search/address.html
INFO: [ app_begin ] --START--
INFO: Run Behavior\ReadHtmlCacheBehavior [ RunTime:0.002000s ]
INFO: [ app_begin ] --END-- [ RunTime:0.003000s ]
SQL: SHOW COLUMNS FROM `lamp_category` [ RunTime:0.0240s ]
SQL: SELECT * FROM `lamp_category` WHERE ( pid=0 )  [ RunTime:0.0390s ]

[ 2016-11-02T23:16:22+08:00 ] ::1 /second_object_demo/index.php/Home/Search/address.html?pid=1
INFO: [ app_begin ] --START--
INFO: Run Behavior\ReadHtmlCacheBehavior [ RunTime:0.001001s ]
INFO: [ app_begin ] --END-- [ RunTime:0.003001s ]
SQL: SHOW COLUMNS FROM `lamp_category` [ RunTime:0.0830s ]
SQL: SELECT * FROM `lamp_category` WHERE ( pid=1 )  [ RunTime:0.0010s ]

[ 2016-11-02T23:16:39+08:00 ] ::1 /second_object_demo/index.php/Home/Search/address.html?pid=2
INFO: [ app_begin ] --START--
INFO: Run Behavior\ReadHtmlCacheBehavior [ RunTime:0.001000s ]
INFO: [ app_begin ] --END-- [ RunTime:0.002000s ]
SQL: SHOW COLUMNS FROM `lamp_category` [ RunTime:0.2970s ]
SQL: SELECT * FROM `lamp_category` WHERE ( pid=2 )  [ RunTime:0.0020s ]

[ 2016-11-02T23:16:46+08:00 ] ::1 /second_object_demo/index.php/Home/Search/address.html?pid=5
INFO: [ app_begin ] --START--
INFO: Run Behavior\ReadHtmlCacheBehavior [ RunTime:0.001000s ]
INFO: [ app_begin ] --END-- [ RunTime:0.002000s ]
SQL: SHOW COLUMNS FROM `lamp_category` [ RunTime:0.0100s ]
SQL: SELECT * FROM `lamp_category` WHERE ( pid=5 )  [ RunTime:0.0000s ]

[ 2016-11-02T23:18:12+08:00 ] ::1 /second_object_demo/index.php/Home/Search/address.html
INFO: [ app_begin ] --START--
INFO: Run Behavior\ReadHtmlCacheBehavior [ RunTime:0.003000s ]
INFO: [ app_begin ] --END-- [ RunTime:0.004000s ]
SQL: SHOW COLUMNS FROM `lamp_category` [ RunTime:0.0420s ]
SQL: SELECT * FROM `lamp_category` WHERE ( pid=0 )  [ RunTime:0.0010s ]

[ 2016-11-02T23:18:12+08:00 ] ::1 /second_object_demo/index.php/Home/Search/address.html?pid=1
INFO: [ app_begin ] --START--
INFO: Run Behavior\ReadHtmlCacheBehavior [ RunTime:0.002000s ]
INFO: [ app_begin ] --END-- [ RunTime:0.004000s ]
SQL: SHOW COLUMNS FROM `lamp_category` [ RunTime:0.0070s ]
SQL: SELECT * FROM `lamp_category` WHERE ( pid=1 )  [ RunTime:0.0160s ]

[ 2016-11-02T23:18:27+08:00 ] ::1 /second_object_demo/index.php/Home/Search/address.html?pid=2
INFO: [ app_begin ] --START--
INFO: Run Behavior\ReadHtmlCacheBehavior [ RunTime:0.001000s ]
INFO: [ app_begin ] --END-- [ RunTime:0.002000s ]
SQL: SHOW COLUMNS FROM `lamp_category` [ RunTime:0.0230s ]
SQL: SELECT * FROM `lamp_category` WHERE ( pid=2 )  [ RunTime:0.0010s ]

[ 2016-11-02T23:18:30+08:00 ] ::1 /second_object_demo/index.php/Home/Search/address.html?pid=5
INFO: [ app_begin ] --START--
INFO: Run Behavior\ReadHtmlCacheBehavior [ RunTime:0.002000s ]
INFO: [ app_begin ] --END-- [ RunTime:0.003000s ]
SQL: SHOW COLUMNS FROM `lamp_category` [ RunTime:0.0020s ]
SQL: SELECT * FROM `lamp_category` WHERE ( pid=5 )  [ RunTime:0.0000s ]

[ 2016-11-02T23:19:21+08:00 ] ::1 /second_object_demo/index.php/Home/Search/address.html
INFO: [ app_begin ] --START--
INFO: Run Behavior\ReadHtmlCacheBehavior [ RunTime:0.002000s ]
INFO: [ app_begin ] --END-- [ RunTime:0.002000s ]
SQL: SHOW COLUMNS FROM `lamp_category` [ RunTime:0.0190s ]
SQL: SELECT * FROM `lamp_category` WHERE ( pid=0 )  [ RunTime:0.0000s ]

[ 2016-11-02T23:19:22+08:00 ] ::1 /second_object_demo/index.php/Home/Search/address.html?pid=1
INFO: [ app_begin ] --START--
INFO: Run Behavior\ReadHtmlCacheBehavior [ RunTime:0.000000s ]
INFO: [ app_begin ] --END-- [ RunTime:0.002000s ]
SQL: SHOW COLUMNS FROM `lamp_category` [ RunTime:0.0450s ]
SQL: SELECT * FROM `lamp_category` WHERE ( pid=1 )  [ RunTime:0.0010s ]

[ 2016-11-02T23:20:48+08:00 ] ::1 /second_object_demo/index.php/Home/Search/address.html
INFO: [ app_begin ] --START--
INFO: Run Behavior\ReadHtmlCacheBehavior [ RunTime:0.002000s ]
INFO: [ app_begin ] --END-- [ RunTime:0.002000s ]
SQL: SHOW COLUMNS FROM `lamp_category` [ RunTime:0.0510s ]
SQL: SELECT * FROM `lamp_category` WHERE ( pid=0 )  [ RunTime:0.0010s ]

[ 2016-11-02T23:20:49+08:00 ] ::1 /second_object_demo/index.php/Home/Search/address.html?pid=1
INFO: [ app_begin ] --START--
INFO: Run Behavior\ReadHtmlCacheBehavior [ RunTime:0.001000s ]
INFO: [ app_begin ] --END-- [ RunTime:0.002000s ]
SQL: SHOW COLUMNS FROM `lamp_category` [ RunTime:0.1930s ]
SQL: SELECT * FROM `lamp_category` WHERE ( pid=1 )  [ RunTime:0.0000s ]

[ 2016-11-02T23:21:05+08:00 ] ::1 /second_object_demo/index.php/Home/Search/address.html?pid=2
INFO: [ app_begin ] --START--
INFO: Run Behavior\ReadHtmlCacheBehavior [ RunTime:0.000000s ]
INFO: [ app_begin ] --END-- [ RunTime:0.002000s ]
SQL: SHOW COLUMNS FROM `lamp_category` [ RunTime:0.2410s ]
SQL: SELECT * FROM `lamp_category` WHERE ( pid=2 )  [ RunTime:0.0010s ]

[ 2016-11-02T23:22:00+08:00 ] ::1 /second_object_demo/index.php/Home/Search/address.html
INFO: [ app_begin ] --START--
INFO: Run Behavior\ReadHtmlCacheBehavior [ RunTime:0.001000s ]
INFO: [ app_begin ] --END-- [ RunTime:0.002000s ]
SQL: SHOW COLUMNS FROM `lamp_category` [ RunTime:0.0240s ]
SQL: SELECT * FROM `lamp_category` WHERE ( pid=0 )  [ RunTime:0.0010s ]

[ 2016-11-02T23:22:00+08:00 ] ::1 /second_object_demo/index.php/Home/Search/address.html?pid=1
INFO: [ app_begin ] --START--
INFO: Run Behavior\ReadHtmlCacheBehavior [ RunTime:0.000000s ]
INFO: [ app_begin ] --END-- [ RunTime:0.002000s ]
SQL: SHOW COLUMNS FROM `lamp_category` [ RunTime:0.0320s ]
SQL: SELECT * FROM `lamp_category` WHERE ( pid=1 )  [ RunTime:0.0080s ]

[ 2016-11-02T23:22:06+08:00 ] ::1 /second_object_demo/index.php/Home/Search/address.html?pid=3
INFO: [ app_begin ] --START--
INFO: Run Behavior\ReadHtmlCacheBehavior [ RunTime:0.001000s ]
INFO: [ app_begin ] --END-- [ RunTime:0.002000s ]
SQL: SHOW COLUMNS FROM `lamp_category` [ RunTime:0.0260s ]
SQL: SELECT * FROM `lamp_category` WHERE ( pid=3 )  [ RunTime:0.0010s ]

[ 2016-11-02T23:22:08+08:00 ] ::1 /second_object_demo/index.php/Home/Search/address.html?pid=10
INFO: [ app_begin ] --START--
INFO: Run Behavior\ReadHtmlCacheBehavior [ RunTime:0.001000s ]
INFO: [ app_begin ] --END-- [ RunTime:0.002000s ]
SQL: SHOW COLUMNS FROM `lamp_category` [ RunTime:0.0020s ]
SQL: SELECT * FROM `lamp_category` WHERE ( pid=10 )  [ RunTime:0.0010s ]

[ 2016-11-02T23:22:10+08:00 ] ::1 /second_object_demo/index.php/Home/Search/address.html?pid=4
INFO: [ app_begin ] --START--
INFO: Run Behavior\ReadHtmlCacheBehavior [ RunTime:0.000000s ]
INFO: [ app_begin ] --END-- [ RunTime:0.001000s ]
SQL: SHOW COLUMNS FROM `lamp_category` [ RunTime:0.0130s ]
SQL: SELECT * FROM `lamp_category` WHERE ( pid=4 )  [ RunTime:0.0010s ]

[ 2016-11-02T23:23:06+08:00 ] ::1 /second_object_demo/index.php/Home/Search/address.html?pid=2
INFO: [ app_begin ] --START--
INFO: Run Behavior\ReadHtmlCacheBehavior [ RunTime:0.000000s ]
INFO: [ app_begin ] --END-- [ RunTime:0.001000s ]
SQL: SHOW COLUMNS FROM `lamp_category` [ RunTime:0.0150s ]
SQL: SELECT * FROM `lamp_category` WHERE ( pid=2 )  [ RunTime:0.0010s ]

[ 2016-11-02T23:23:07+08:00 ] ::1 /second_object_demo/index.php/Home/Search/address.html?pid=3
INFO: [ app_begin ] --START--
INFO: Run Behavior\ReadHtmlCacheBehavior [ RunTime:0.001000s ]
INFO: [ app_begin ] --END-- [ RunTime:0.001000s ]
SQL: SHOW COLUMNS FROM `lamp_category` [ RunTime:0.1540s ]
SQL: SELECT * FROM `lamp_category` WHERE ( pid=3 )  [ RunTime:0.0010s ]

[ 2016-11-02T23:23:09+08:00 ] ::1 /second_object_demo/index.php/Home/Search/address.html
INFO: [ app_begin ] --START--
INFO: Run Behavior\ReadHtmlCacheBehavior [ RunTime:0.001000s ]
INFO: [ app_begin ] --END-- [ RunTime:0.002000s ]
SQL: SHOW COLUMNS FROM `lamp_category` [ RunTime:0.0760s ]
SQL: SELECT * FROM `lamp_category` WHERE ( pid=0 )  [ RunTime:0.0020s ]

[ 2016-11-02T23:23:10+08:00 ] ::1 /second_object_demo/index.php/Home/Search/address.html?pid=1
INFO: [ app_begin ] --START--
INFO: Run Behavior\ReadHtmlCacheBehavior [ RunTime:0.001000s ]
INFO: [ app_begin ] --END-- [ RunTime:0.002000s ]
SQL: SHOW COLUMNS FROM `lamp_category` [ RunTime:0.0410s ]
SQL: SELECT * FROM `lamp_category` WHERE ( pid=1 )  [ RunTime:0.0000s ]

[ 2016-11-02T23:23:22+08:00 ] ::1 /second_object_demo/index.php/Home/Search/address.html?pid=2
INFO: [ app_begin ] --START--
INFO: Run Behavior\ReadHtmlCacheBehavior [ RunTime:0.001000s ]
INFO: [ app_begin ] --END-- [ RunTime:0.002000s ]
SQL: SHOW COLUMNS FROM `lamp_category` [ RunTime:0.0770s ]
SQL: SELECT * FROM `lamp_category` WHERE ( pid=2 )  [ RunTime:0.0000s ]

[ 2016-11-02T23:23:52+08:00 ] ::1 /second_object_demo/index.php/Home/Search/address.html
INFO: [ app_begin ] --START--
INFO: Run Behavior\ReadHtmlCacheBehavior [ RunTime:0.001000s ]
INFO: [ app_begin ] --END-- [ RunTime:0.002000s ]
SQL: SHOW COLUMNS FROM `lamp_category` [ RunTime:0.0160s ]
SQL: SELECT * FROM `lamp_category` WHERE ( pid=0 )  [ RunTime:0.0010s ]

[ 2016-11-02T23:23:52+08:00 ] ::1 /second_object_demo/index.php/Home/Search/address.html?pid=1
INFO: [ app_begin ] --START--
INFO: Run Behavior\ReadHtmlCacheBehavior [ RunTime:0.001000s ]
INFO: [ app_begin ] --END-- [ RunTime:0.002001s ]
SQL: SHOW COLUMNS FROM `lamp_category` [ RunTime:0.0230s ]
SQL: SELECT * FROM `lamp_category` WHERE ( pid=1 )  [ RunTime:0.0010s ]

[ 2016-11-02T23:23:55+08:00 ] ::1 /second_object_demo/index.php/Home/Search/address.html?pid=3
INFO: [ app_begin ] --START--
INFO: Run Behavior\ReadHtmlCacheBehavior [ RunTime:0.001000s ]
INFO: [ app_begin ] --END-- [ RunTime:0.001000s ]
SQL: SHOW COLUMNS FROM `lamp_category` [ RunTime:0.6790s ]
SQL: SELECT * FROM `lamp_category` WHERE ( pid=3 )  [ RunTime:0.0010s ]

[ 2016-11-02T23:23:56+08:00 ] ::1 /second_object_demo/index.php/Home/Search/address.html?pid=5
INFO: [ app_begin ] --START--
INFO: Run Behavior\ReadHtmlCacheBehavior [ RunTime:0.001000s ]
INFO: [ app_begin ] --END-- [ RunTime:0.002000s ]
SQL: SHOW COLUMNS FROM `lamp_category` [ RunTime:0.0560s ]
SQL: SELECT * FROM `lamp_category` WHERE ( pid=5 )  [ RunTime:0.0000s ]

[ 2016-11-02T23:24:03+08:00 ] ::1 /second_object_demo/index.php/Home/Search/address.html?pid=1
INFO: [ app_begin ] --START--
INFO: Run Behavior\ReadHtmlCacheBehavior [ RunTime:0.001000s ]
INFO: [ app_begin ] --END-- [ RunTime:0.001000s ]
SQL: SHOW COLUMNS FROM `lamp_category` [ RunTime:0.0220s ]
SQL: SELECT * FROM `lamp_category` WHERE ( pid=1 )  [ RunTime:0.0000s ]

[ 2016-11-02T23:24:06+08:00 ] ::1 /second_object_demo/index.php/Home/Search/address.html
INFO: [ app_begin ] --START--
INFO: Run Behavior\ReadHtmlCacheBehavior [ RunTime:0.003000s ]
INFO: [ app_begin ] --END-- [ RunTime:0.004000s ]
SQL: SHOW COLUMNS FROM `lamp_category` [ RunTime:0.0210s ]
SQL: SELECT * FROM `lamp_category` WHERE ( pid=0 )  [ RunTime:0.0010s ]

[ 2016-11-02T23:24:06+08:00 ] ::1 /second_object_demo/index.php/Home/Search/address.html?pid=1
INFO: [ app_begin ] --START--
INFO: Run Behavior\ReadHtmlCacheBehavior [ RunTime:0.001000s ]
INFO: [ app_begin ] --END-- [ RunTime:0.002000s ]
SQL: SHOW COLUMNS FROM `lamp_category` [ RunTime:0.0070s ]
SQL: SELECT * FROM `lamp_category` WHERE ( pid=1 )  [ RunTime:0.0010s ]

[ 2016-11-02T23:24:16+08:00 ] ::1 /second_object_demo/index.php/Home/Search/address.html?pid=4
INFO: [ app_begin ] --START--
INFO: Run Behavior\ReadHtmlCacheBehavior [ RunTime:0.001000s ]
INFO: [ app_begin ] --END-- [ RunTime:0.002000s ]
SQL: SHOW COLUMNS FROM `lamp_category` [ RunTime:0.0200s ]
SQL: SELECT * FROM `lamp_category` WHERE ( pid=4 )  [ RunTime:0.0010s ]

[ 2016-11-02T23:26:45+08:00 ] ::1 /second_object_demo/index.php/Home/Search/address.html
INFO: [ app_begin ] --START--
INFO: Run Behavior\ReadHtmlCacheBehavior [ RunTime:0.001000s ]
INFO: [ app_begin ] --END-- [ RunTime:0.003001s ]
SQL: SHOW COLUMNS FROM `lamp_category` [ RunTime:0.0090s ]
SQL: SELECT * FROM `lamp_category` WHERE ( pid=0 )  [ RunTime:0.0000s ]

[ 2016-11-02T23:26:46+08:00 ] ::1 /second_object_demo/index.php/Home/Search/address.html?pid=1
INFO: [ app_begin ] --START--
INFO: Run Behavior\ReadHtmlCacheBehavior [ RunTime:0.001000s ]
INFO: [ app_begin ] --END-- [ RunTime:0.002000s ]
SQL: SHOW COLUMNS FROM `lamp_category` [ RunTime:0.0210s ]
SQL: SELECT * FROM `lamp_category` WHERE ( pid=1 )  [ RunTime:0.0020s ]

[ 2016-11-02T23:26:48+08:00 ] ::1 /second_object_demo/index.php/Home/Search/address.html
INFO: [ app_begin ] --START--
INFO: Run Behavior\ReadHtmlCacheBehavior [ RunTime:0.005000s ]
INFO: [ app_begin ] --END-- [ RunTime:0.006000s ]
SQL: SHOW COLUMNS FROM `lamp_category` [ RunTime:0.0330s ]
SQL: SELECT * FROM `lamp_category` WHERE ( pid=0 )  [ RunTime:0.0010s ]

[ 2016-11-02T23:26:48+08:00 ] ::1 /second_object_demo/index.php/Home/Search/address.html?pid=1
INFO: [ app_begin ] --START--
INFO: Run Behavior\ReadHtmlCacheBehavior [ RunTime:0.005000s ]
INFO: [ app_begin ] --END-- [ RunTime:0.005000s ]
SQL: SHOW COLUMNS FROM `lamp_category` [ RunTime:0.0100s ]
SQL: SELECT * FROM `lamp_category` WHERE ( pid=1 )  [ RunTime:0.0010s ]

[ 2016-11-02T23:26:53+08:00 ] ::1 /second_object_demo/index.php/Home/Search/address.html?pid=2
INFO: [ app_begin ] --START--
INFO: Run Behavior\ReadHtmlCacheBehavior [ RunTime:0.002000s ]
INFO: [ app_begin ] --END-- [ RunTime:0.003000s ]
SQL: SHOW COLUMNS FROM `lamp_category` [ RunTime:0.0270s ]
SQL: SELECT * FROM `lamp_category` WHERE ( pid=2 )  [ RunTime:0.0010s ]

[ 2016-11-02T23:28:38+08:00 ] ::1 /second_object_demo/index.php/Home/Search/address.html
INFO: [ app_begin ] --START--
INFO: Run Behavior\ReadHtmlCacheBehavior [ RunTime:0.000000s ]
INFO: [ app_begin ] --END-- [ RunTime:0.002000s ]
SQL: SHOW COLUMNS FROM `lamp_category` [ RunTime:0.0130s ]
SQL: SELECT * FROM `lamp_category` WHERE ( pid=0 )  [ RunTime:0.0000s ]

[ 2016-11-02T23:28:38+08:00 ] ::1 /second_object_demo/index.php/Home/Search/address.html?pid=1
INFO: [ app_begin ] --START--
INFO: Run Behavior\ReadHtmlCacheBehavior [ RunTime:0.000000s ]
INFO: [ app_begin ] --END-- [ RunTime:0.002000s ]
SQL: SHOW COLUMNS FROM `lamp_category` [ RunTime:0.0470s ]
SQL: SELECT * FROM `lamp_category` WHERE ( pid=1 )  [ RunTime:0.0010s ]

[ 2016-11-02T23:28:49+08:00 ] ::1 /second_object_demo/index.php/Home/Search/address.html?pid=2
INFO: [ app_begin ] --START--
INFO: Run Behavior\ReadHtmlCacheBehavior [ RunTime:0.001000s ]
INFO: [ app_begin ] --END-- [ RunTime:0.002000s ]
SQL: SHOW COLUMNS FROM `lamp_category` [ RunTime:0.0550s ]
SQL: SELECT * FROM `lamp_category` WHERE ( pid=2 )  [ RunTime:0.0010s ]

[ 2016-11-02T23:28:52+08:00 ] ::1 /second_object_demo/index.php/Home/Search/address.html?pid=1
INFO: [ app_begin ] --START--
INFO: Run Behavior\ReadHtmlCacheBehavior [ RunTime:0.001000s ]
INFO: [ app_begin ] --END-- [ RunTime:0.001000s ]
SQL: SHOW COLUMNS FROM `lamp_category` [ RunTime:0.0020s ]
SQL: SELECT * FROM `lamp_category` WHERE ( pid=1 )  [ RunTime:0.0010s ]

[ 2016-11-02T23:28:53+08:00 ] ::1 /second_object_demo/index.php/Home/Search/address.html?pid=4
INFO: [ app_begin ] --START--
INFO: Run Behavior\ReadHtmlCacheBehavior [ RunTime:0.000000s ]
INFO: [ app_begin ] --END-- [ RunTime:0.002000s ]
SQL: SHOW COLUMNS FROM `lamp_category` [ RunTime:0.0310s ]
SQL: SELECT * FROM `lamp_category` WHERE ( pid=4 )  [ RunTime:0.0010s ]

[ 2016-11-02T23:29:18+08:00 ] ::1 /second_object_demo/index.php/Home/Search/address.html?pid=2
INFO: [ app_begin ] --START--
INFO: Run Behavior\ReadHtmlCacheBehavior [ RunTime:0.001000s ]
INFO: [ app_begin ] --END-- [ RunTime:0.002000s ]
SQL: SHOW COLUMNS FROM `lamp_category` [ RunTime:0.0110s ]
SQL: SELECT * FROM `lamp_category` WHERE ( pid=2 )  [ RunTime:0.0000s ]

[ 2016-11-02T23:30:44+08:00 ] ::1 /second_object_demo/index.php/Home/Search/address.html?pid=3
INFO: [ app_begin ] --START--
INFO: Run Behavior\ReadHtmlCacheBehavior [ RunTime:0.000000s ]
INFO: [ app_begin ] --END-- [ RunTime:0.001000s ]
SQL: SHOW COLUMNS FROM `lamp_category` [ RunTime:0.0200s ]
SQL: SELECT * FROM `lamp_category` WHERE ( pid=3 )  [ RunTime:0.0010s ]

[ 2016-11-02T23:30:46+08:00 ] ::1 /second_object_demo/index.php/Home/Search/address.html?pid=4
INFO: [ app_begin ] --START--
INFO: Run Behavior\ReadHtmlCacheBehavior [ RunTime:0.001000s ]
INFO: [ app_begin ] --END-- [ RunTime:0.001000s ]
SQL: SHOW COLUMNS FROM `lamp_category` [ RunTime:0.0210s ]
SQL: SELECT * FROM `lamp_category` WHERE ( pid=4 )  [ RunTime:0.0000s ]

[ 2016-11-02T23:30:47+08:00 ] ::1 /second_object_demo/index.php/Home/Search/address.html?pid=5
INFO: [ app_begin ] --START--
INFO: Run Behavior\ReadHtmlCacheBehavior [ RunTime:0.001000s ]
INFO: [ app_begin ] --END-- [ RunTime:0.001000s ]
SQL: SHOW COLUMNS FROM `lamp_category` [ RunTime:0.0030s ]
SQL: SELECT * FROM `lamp_category` WHERE ( pid=5 )  [ RunTime:0.0010s ]

[ 2016-11-02T23:30:49+08:00 ] ::1 /second_object_demo/index.php/Home/Search/address.html?pid=6
INFO: [ app_begin ] --START--
INFO: Run Behavior\ReadHtmlCacheBehavior [ RunTime:0.000000s ]
INFO: [ app_begin ] --END-- [ RunTime:0.001000s ]
SQL: SHOW COLUMNS FROM `lamp_category` [ RunTime:0.0300s ]
SQL: SELECT * FROM `lamp_category` WHERE ( pid=6 )  [ RunTime:0.0010s ]

[ 2016-11-02T23:30:52+08:00 ] ::1 /second_object_demo/index.php/Home/Search/address.html?pid=7
INFO: [ app_begin ] --START--
INFO: Run Behavior\ReadHtmlCacheBehavior [ RunTime:0.001000s ]
INFO: [ app_begin ] --END-- [ RunTime:0.004001s ]
SQL: SHOW COLUMNS FROM `lamp_category` [ RunTime:0.0620s ]
SQL: SELECT * FROM `lamp_category` WHERE ( pid=7 )  [ RunTime:0.0170s ]

[ 2016-11-02T23:30:53+08:00 ] ::1 /second_object_demo/index.php/Home/Search/address.html?pid=1
INFO: [ app_begin ] --START--
INFO: Run Behavior\ReadHtmlCacheBehavior [ RunTime:0.001000s ]
INFO: [ app_begin ] --END-- [ RunTime:0.002001s ]
SQL: SHOW COLUMNS FROM `lamp_category` [ RunTime:0.0210s ]
SQL: SELECT * FROM `lamp_category` WHERE ( pid=1 )  [ RunTime:0.0000s ]

[ 2016-11-02T23:30:57+08:00 ] ::1 /second_object_demo/index.php/Home/Search/address.html?pid=5
INFO: [ app_begin ] --START--
INFO: Run Behavior\ReadHtmlCacheBehavior [ RunTime:0.000000s ]
INFO: [ app_begin ] --END-- [ RunTime:0.002000s ]
SQL: SHOW COLUMNS FROM `lamp_category` [ RunTime:0.0060s ]
SQL: SELECT * FROM `lamp_category` WHERE ( pid=5 )  [ RunTime:0.0010s ]

[ 2016-11-02T23:31:27+08:00 ] ::1 /second_object_demo/index.php/Home/Search/address.html
INFO: [ app_begin ] --START--
INFO: Run Behavior\ReadHtmlCacheBehavior [ RunTime:0.000000s ]
INFO: [ app_begin ] --END-- [ RunTime:0.001000s ]
SQL: SHOW COLUMNS FROM `lamp_category` [ RunTime:0.0630s ]
SQL: SELECT * FROM `lamp_category` WHERE ( pid=0 )  [ RunTime:0.0000s ]

[ 2016-11-02T23:31:27+08:00 ] ::1 /second_object_demo/index.php/Home/Search/address.html?pid=1
INFO: [ app_begin ] --START--
INFO: Run Behavior\ReadHtmlCacheBehavior [ RunTime:0.001000s ]
INFO: [ app_begin ] --END-- [ RunTime:0.001000s ]
SQL: SHOW COLUMNS FROM `lamp_category` [ RunTime:0.0020s ]
SQL: SELECT * FROM `lamp_category` WHERE ( pid=1 )  [ RunTime:0.0020s ]

[ 2016-11-02T23:31:32+08:00 ] ::1 /second_object_demo/index.php/Home/Search/address.html?pid=2
INFO: [ app_begin ] --START--
INFO: Run Behavior\ReadHtmlCacheBehavior [ RunTime:0.001000s ]
INFO: [ app_begin ] --END-- [ RunTime:0.001000s ]
SQL: SHOW COLUMNS FROM `lamp_category` [ RunTime:0.0180s ]
SQL: SELECT * FROM `lamp_category` WHERE ( pid=2 )  [ RunTime:0.0000s ]

[ 2016-11-02T23:31:33+08:00 ] ::1 /second_object_demo/index.php/Home/Search/address.html?pid=5
INFO: [ app_begin ] --START--
INFO: Run Behavior\ReadHtmlCacheBehavior [ RunTime:0.001000s ]
INFO: [ app_begin ] --END-- [ RunTime:0.002000s ]
SQL: SHOW COLUMNS FROM `lamp_category` [ RunTime:0.0260s ]
SQL: SELECT * FROM `lamp_category` WHERE ( pid=5 )  [ RunTime:0.0000s ]

[ 2016-11-02T23:31:35+08:00 ] ::1 /second_object_demo/index.php/Home/Search/address.html?pid=3
INFO: [ app_begin ] --START--
INFO: Run Behavior\ReadHtmlCacheBehavior [ RunTime:0.001000s ]
INFO: [ app_begin ] --END-- [ RunTime:0.001000s ]
SQL: SHOW COLUMNS FROM `lamp_category` [ RunTime:0.0240s ]
SQL: SELECT * FROM `lamp_category` WHERE ( pid=3 )  [ RunTime:0.0000s ]

[ 2016-11-02T23:32:04+08:00 ] ::1 /second_object_demo/index.php/Home/Search/address.html
INFO: [ app_begin ] --START--
INFO: Run Behavior\ReadHtmlCacheBehavior [ RunTime:0.001001s ]
INFO: [ app_begin ] --END-- [ RunTime:0.002001s ]
SQL: SHOW COLUMNS FROM `lamp_category` [ RunTime:0.0330s ]
SQL: SELECT * FROM `lamp_category` WHERE ( pid=0 )  [ RunTime:0.0000s ]

[ 2016-11-02T23:32:04+08:00 ] ::1 /second_object_demo/index.php/Home/Search/address.html?pid=1
INFO: [ app_begin ] --START--
INFO: Run Behavior\ReadHtmlCacheBehavior [ RunTime:0.001000s ]
INFO: [ app_begin ] --END-- [ RunTime:0.002001s ]
SQL: SHOW COLUMNS FROM `lamp_category` [ RunTime:0.0250s ]
SQL: SELECT * FROM `lamp_category` WHERE ( pid=1 )  [ RunTime:0.0010s ]

[ 2016-11-02T23:32:07+08:00 ] ::1 /second_object_demo/index.php/Home/Search/address.html?pid=2
INFO: [ app_begin ] --START--
INFO: Run Behavior\ReadHtmlCacheBehavior [ RunTime:0.001000s ]
INFO: [ app_begin ] --END-- [ RunTime:0.002000s ]
SQL: SHOW COLUMNS FROM `lamp_category` [ RunTime:0.0350s ]
SQL: SELECT * FROM `lamp_category` WHERE ( pid=2 )  [ RunTime:0.0010s ]

[ 2016-11-02T23:32:11+08:00 ] ::1 /second_object_demo/index.php/Home/Search/address.html?pid=3
INFO: [ app_begin ] --START--
INFO: Run Behavior\ReadHtmlCacheBehavior [ RunTime:0.000000s ]
INFO: [ app_begin ] --END-- [ RunTime:0.001000s ]
SQL: SHOW COLUMNS FROM `lamp_category` [ RunTime:0.0210s ]
SQL: SELECT * FROM `lamp_category` WHERE ( pid=3 )  [ RunTime:0.0010s ]

[ 2016-11-02T23:32:13+08:00 ] ::1 /second_object_demo/index.php/Home/Search/address.html?pid=6
INFO: [ app_begin ] --START--
INFO: Run Behavior\ReadHtmlCacheBehavior [ RunTime:0.001000s ]
INFO: [ app_begin ] --END-- [ RunTime:0.002000s ]
SQL: SHOW COLUMNS FROM `lamp_category` [ RunTime:0.0060s ]
SQL: SELECT * FROM `lamp_category` WHERE ( pid=6 )  [ RunTime:0.0000s ]

[ 2016-11-02T23:32:23+08:00 ] ::1 /second_object_demo/index.php/Home/Search/address.html?pid=4
INFO: [ app_begin ] --START--
INFO: Run Behavior\ReadHtmlCacheBehavior [ RunTime:0.001000s ]
INFO: [ app_begin ] --END-- [ RunTime:0.001000s ]
SQL: SHOW COLUMNS FROM `lamp_category` [ RunTime:0.0850s ]
SQL: SELECT * FROM `lamp_category` WHERE ( pid=4 )  [ RunTime:0.0000s ]

[ 2016-11-02T23:33:19+08:00 ] ::1 /second_object_demo/index.php/Home/Search/address.html
INFO: [ app_begin ] --START--
INFO: Run Behavior\ReadHtmlCacheBehavior [ RunTime:0.001000s ]
INFO: [ app_begin ] --END-- [ RunTime:0.002000s ]
SQL: SHOW COLUMNS FROM `lamp_category` [ RunTime:0.0030s ]
SQL: SELECT * FROM `lamp_category` WHERE ( pid=0 )  [ RunTime:0.0010s ]

[ 2016-11-02T23:33:19+08:00 ] ::1 /second_object_demo/index.php/Home/Search/address.html?pid=1
INFO: [ app_begin ] --START--
INFO: Run Behavior\ReadHtmlCacheBehavior [ RunTime:0.001000s ]
INFO: [ app_begin ] --END-- [ RunTime:0.002000s ]
SQL: SHOW COLUMNS FROM `lamp_category` [ RunTime:0.0300s ]
SQL: SELECT * FROM `lamp_category` WHERE ( pid=1 )  [ RunTime:0.0000s ]

[ 2016-11-02T23:33:24+08:00 ] ::1 /second_object_demo/index.php/Home/Search/address.html?pid=4
INFO: [ app_begin ] --START--
INFO: Run Behavior\ReadHtmlCacheBehavior [ RunTime:0.002001s ]
INFO: [ app_begin ] --END-- [ RunTime:0.003001s ]
SQL: SHOW COLUMNS FROM `lamp_category` [ RunTime:0.0270s ]
SQL: SELECT * FROM `lamp_category` WHERE ( pid=4 )  [ RunTime:0.0010s ]

[ 2016-11-02T23:34:49+08:00 ] ::1 /second_object_demo/index.php/Home/Search/address.html
INFO: [ app_begin ] --START--
INFO: Run Behavior\ReadHtmlCacheBehavior [ RunTime:0.002000s ]
INFO: [ app_begin ] --END-- [ RunTime:0.002000s ]
SQL: SHOW COLUMNS FROM `lamp_category` [ RunTime:0.1780s ]
SQL: SELECT * FROM `lamp_category` WHERE ( pid=0 )  [ RunTime:0.0020s ]

[ 2016-11-02T23:34:49+08:00 ] ::1 /second_object_demo/index.php/Home/Search/address.html?pid=1
INFO: [ app_begin ] --START--
INFO: Run Behavior\ReadHtmlCacheBehavior [ RunTime:0.001000s ]
INFO: [ app_begin ] --END-- [ RunTime:0.002000s ]
SQL: SHOW COLUMNS FROM `lamp_category` [ RunTime:0.0210s ]
SQL: SELECT * FROM `lamp_category` WHERE ( pid=1 )  [ RunTime:0.0010s ]

[ 2016-11-02T23:34:53+08:00 ] ::1 /second_object_demo/index.php/Home/Search/address.html?pid=4
INFO: [ app_begin ] --START--
INFO: Run Behavior\ReadHtmlCacheBehavior [ RunTime:0.001000s ]
INFO: [ app_begin ] --END-- [ RunTime:0.003001s ]
SQL: SHOW COLUMNS FROM `lamp_category` [ RunTime:0.0320s ]
SQL: SELECT * FROM `lamp_category` WHERE ( pid=4 )  [ RunTime:0.0100s ]

[ 2016-11-02T23:35:43+08:00 ] ::1 /second_object_demo/index.php/Home/Search/address.html
INFO: [ app_begin ] --START--
INFO: Run Behavior\ReadHtmlCacheBehavior [ RunTime:0.001000s ]
INFO: [ app_begin ] --END-- [ RunTime:0.002000s ]
SQL: SHOW COLUMNS FROM `lamp_category` [ RunTime:0.0490s ]
SQL: SELECT * FROM `lamp_category` WHERE ( pid=0 )  [ RunTime:0.0000s ]

[ 2016-11-02T23:35:43+08:00 ] ::1 /second_object_demo/index.php/Home/Search/address.html?pid=1
INFO: [ app_begin ] --START--
INFO: Run Behavior\ReadHtmlCacheBehavior [ RunTime:0.001000s ]
INFO: [ app_begin ] --END-- [ RunTime:0.002001s ]
SQL: SHOW COLUMNS FROM `lamp_category` [ RunTime:0.0400s ]
SQL: SELECT * FROM `lamp_category` WHERE ( pid=1 )  [ RunTime:0.0010s ]

[ 2016-11-02T23:36:16+08:00 ] ::1 /second_object_demo/index.php/Home/Search/address.html?pid=4
INFO: [ app_begin ] --START--
INFO: Run Behavior\ReadHtmlCacheBehavior [ RunTime:0.001000s ]
INFO: [ app_begin ] --END-- [ RunTime:0.001000s ]
SQL: SHOW COLUMNS FROM `lamp_category` [ RunTime:0.0400s ]
SQL: SELECT * FROM `lamp_category` WHERE ( pid=4 )  [ RunTime:0.0010s ]

[ 2016-11-02T23:36:45+08:00 ] ::1 /second_object_demo/index.php/Home/Search/address.html
INFO: [ app_begin ] --START--
INFO: Run Behavior\ReadHtmlCacheBehavior [ RunTime:0.002001s ]
INFO: [ app_begin ] --END-- [ RunTime:0.003001s ]
SQL: SHOW COLUMNS FROM `lamp_category` [ RunTime:0.0200s ]
SQL: SELECT * FROM `lamp_category` WHERE ( pid=0 )  [ RunTime:0.0010s ]

[ 2016-11-02T23:36:45+08:00 ] ::1 /second_object_demo/index.php/Home/Search/address.html?pid=1
INFO: [ app_begin ] --START--
INFO: Run Behavior\ReadHtmlCacheBehavior [ RunTime:0.001000s ]
INFO: [ app_begin ] --END-- [ RunTime:0.002000s ]
SQL: SHOW COLUMNS FROM `lamp_category` [ RunTime:0.0160s ]
SQL: SELECT * FROM `lamp_category` WHERE ( pid=1 )  [ RunTime:0.0030s ]

[ 2016-11-02T23:36:54+08:00 ] ::1 /second_object_demo/index.php/Home/Search/address.html?pid=4
INFO: [ app_begin ] --START--
INFO: Run Behavior\ReadHtmlCacheBehavior [ RunTime:0.002000s ]
INFO: [ app_begin ] --END-- [ RunTime:0.003000s ]
SQL: SHOW COLUMNS FROM `lamp_category` [ RunTime:0.0370s ]
SQL: SELECT * FROM `lamp_category` WHERE ( pid=4 )  [ RunTime:0.0010s ]

[ 2016-11-02T23:38:05+08:00 ] ::1 /second_object_demo/index.php/Home/Search/address.html
INFO: [ app_begin ] --START--
INFO: Run Behavior\ReadHtmlCacheBehavior [ RunTime:0.005000s ]
INFO: [ app_begin ] --END-- [ RunTime:0.006000s ]
SQL: SHOW COLUMNS FROM `lamp_category` [ RunTime:0.0310s ]
SQL: SELECT * FROM `lamp_category` WHERE ( pid=0 )  [ RunTime:0.0010s ]

[ 2016-11-02T23:38:05+08:00 ] ::1 /second_object_demo/index.php/Home/Search/address.html?pid=1
INFO: [ app_begin ] --START--
INFO: Run Behavior\ReadHtmlCacheBehavior [ RunTime:0.001000s ]
INFO: [ app_begin ] --END-- [ RunTime:0.002000s ]
SQL: SHOW COLUMNS FROM `lamp_category` [ RunTime:0.1280s ]
SQL: SELECT * FROM `lamp_category` WHERE ( pid=1 )  [ RunTime:0.0020s ]

[ 2016-11-02T23:38:29+08:00 ] ::1 /second_object_demo/index.php/Home/Search/address.html
INFO: [ app_begin ] --START--
INFO: Run Behavior\ReadHtmlCacheBehavior [ RunTime:0.001000s ]
INFO: [ app_begin ] --END-- [ RunTime:0.002000s ]
SQL: SHOW COLUMNS FROM `lamp_category` [ RunTime:0.0230s ]
SQL: SELECT * FROM `lamp_category` WHERE ( pid=0 )  [ RunTime:0.0020s ]

[ 2016-11-02T23:38:29+08:00 ] ::1 /second_object_demo/index.php/Home/Search/address.html?pid=1
INFO: [ app_begin ] --START--
INFO: Run Behavior\ReadHtmlCacheBehavior [ RunTime:0.001000s ]
INFO: [ app_begin ] --END-- [ RunTime:0.002000s ]
SQL: SHOW COLUMNS FROM `lamp_category` [ RunTime:0.0250s ]
SQL: SELECT * FROM `lamp_category` WHERE ( pid=1 )  [ RunTime:0.0010s ]

[ 2016-11-02T23:38:56+08:00 ] ::1 /second_object_demo/index.php/Home/Search/address.html
INFO: [ app_begin ] --START--
INFO: Run Behavior\ReadHtmlCacheBehavior [ RunTime:0.001000s ]
INFO: [ app_begin ] --END-- [ RunTime:0.002000s ]
SQL: SHOW COLUMNS FROM `lamp_category` [ RunTime:0.0180s ]
SQL: SELECT * FROM `lamp_category` WHERE ( pid=0 )  [ RunTime:0.0010s ]

[ 2016-11-02T23:38:56+08:00 ] ::1 /second_object_demo/index.php/Home/Search/address.html?pid=1
INFO: [ app_begin ] --START--
INFO: Run Behavior\ReadHtmlCacheBehavior [ RunTime:0.000000s ]
INFO: [ app_begin ] --END-- [ RunTime:0.002000s ]
SQL: SHOW COLUMNS FROM `lamp_category` [ RunTime:0.0340s ]
SQL: SELECT * FROM `lamp_category` WHERE ( pid=1 )  [ RunTime:0.0010s ]

[ 2016-11-02T23:39:08+08:00 ] ::1 /second_object_demo/index.php/Home/Search/address.html?pid=4
INFO: [ app_begin ] --START--
INFO: Run Behavior\ReadHtmlCacheBehavior [ RunTime:0.002000s ]
INFO: [ app_begin ] --END-- [ RunTime:0.002000s ]
SQL: SHOW COLUMNS FROM `lamp_category` [ RunTime:0.0460s ]
SQL: SELECT * FROM `lamp_category` WHERE ( pid=4 )  [ RunTime:0.0000s ]

[ 2016-11-02T23:39:33+08:00 ] ::1 /second_object_demo/index.php/Home/Search/address.html
INFO: [ app_begin ] --START--
INFO: Run Behavior\ReadHtmlCacheBehavior [ RunTime:0.002001s ]
INFO: [ app_begin ] --END-- [ RunTime:0.003001s ]
SQL: SHOW COLUMNS FROM `lamp_category` [ RunTime:0.0260s ]
SQL: SELECT * FROM `lamp_category` WHERE ( pid=0 )  [ RunTime:0.0010s ]

[ 2016-11-02T23:39:34+08:00 ] ::1 /second_object_demo/index.php/Home/Search/address.html?pid=1
INFO: [ app_begin ] --START--
INFO: Run Behavior\ReadHtmlCacheBehavior [ RunTime:0.004000s ]
INFO: [ app_begin ] --END-- [ RunTime:0.005000s ]
SQL: SHOW COLUMNS FROM `lamp_category` [ RunTime:0.2900s ]
SQL: SELECT * FROM `lamp_category` WHERE ( pid=1 )  [ RunTime:0.0020s ]

[ 2016-11-02T23:39:38+08:00 ] ::1 /second_object_demo/index.php/Home/Search/address.html?pid=3
INFO: [ app_begin ] --START--
INFO: Run Behavior\ReadHtmlCacheBehavior [ RunTime:0.002000s ]
INFO: [ app_begin ] --END-- [ RunTime:0.002000s ]
SQL: SHOW COLUMNS FROM `lamp_category` [ RunTime:0.0440s ]
SQL: SELECT * FROM `lamp_category` WHERE ( pid=3 )  [ RunTime:0.0060s ]

[ 2016-11-02T23:39:40+08:00 ] ::1 /second_object_demo/index.php/Home/Search/address.html?pid=4
INFO: [ app_begin ] --START--
INFO: Run Behavior\ReadHtmlCacheBehavior [ RunTime:0.002000s ]
INFO: [ app_begin ] --END-- [ RunTime:0.002000s ]
SQL: SHOW COLUMNS FROM `lamp_category` [ RunTime:0.0060s ]
SQL: SELECT * FROM `lamp_category` WHERE ( pid=4 )  [ RunTime:0.0010s ]

[ 2016-11-02T23:40:45+08:00 ] ::1 /second_object_demo/index.php/Home/Search/address.html
INFO: [ app_begin ] --START--
INFO: Run Behavior\ReadHtmlCacheBehavior [ RunTime:0.001000s ]
INFO: [ app_begin ] --END-- [ RunTime:0.002000s ]
SQL: SHOW COLUMNS FROM `lamp_category` [ RunTime:0.2680s ]
SQL: SELECT * FROM `lamp_category` WHERE ( pid=0 )  [ RunTime:0.0010s ]

[ 2016-11-02T23:40:45+08:00 ] ::1 /second_object_demo/index.php/Home/Search/address.html?pid=1
INFO: [ app_begin ] --START--
INFO: Run Behavior\ReadHtmlCacheBehavior [ RunTime:0.003000s ]
INFO: [ app_begin ] --END-- [ RunTime:0.004000s ]
SQL: SHOW COLUMNS FROM `lamp_category` [ RunTime:0.2330s ]
SQL: SELECT * FROM `lamp_category` WHERE ( pid=1 )  [ RunTime:0.0060s ]

[ 2016-11-02T23:41:59+08:00 ] ::1 /second_object_demo/index.php/Home/Search/address.html
INFO: [ app_begin ] --START--
INFO: Run Behavior\ReadHtmlCacheBehavior [ RunTime:0.002000s ]
INFO: [ app_begin ] --END-- [ RunTime:0.005001s ]
SQL: SHOW COLUMNS FROM `lamp_category` [ RunTime:0.0260s ]
SQL: SELECT * FROM `lamp_category` WHERE ( pid=0 )  [ RunTime:0.0010s ]

[ 2016-11-02T23:41:59+08:00 ] ::1 /second_object_demo/index.php/Home/Search/address.html?pid=1
INFO: [ app_begin ] --START--
INFO: Run Behavior\ReadHtmlCacheBehavior [ RunTime:0.002001s ]
INFO: [ app_begin ] --END-- [ RunTime:0.002001s ]
SQL: SHOW COLUMNS FROM `lamp_category` [ RunTime:0.0590s ]
SQL: SELECT * FROM `lamp_category` WHERE ( pid=1 )  [ RunTime:0.0010s ]

[ 2016-11-02T23:42:00+08:00 ] ::1 /second_object_demo/index.php/Home/Search/address.html?pid=8
INFO: [ app_begin ] --START--
INFO: Run Behavior\ReadHtmlCacheBehavior [ RunTime:0.001000s ]
INFO: [ app_begin ] --END-- [ RunTime:0.002000s ]
SQL: SHOW COLUMNS FROM `lamp_category` [ RunTime:0.0200s ]
SQL: SELECT * FROM `lamp_category` WHERE ( pid=8 )  [ RunTime:0.0000s ]

[ 2016-11-02T23:42:07+08:00 ] ::1 /second_object_demo/index.php/Home/Search/address.html?pid=2
INFO: [ app_begin ] --START--
INFO: Run Behavior\ReadHtmlCacheBehavior [ RunTime:0.002000s ]
INFO: [ app_begin ] --END-- [ RunTime:0.003000s ]
SQL: SHOW COLUMNS FROM `lamp_category` [ RunTime:0.0260s ]
SQL: SELECT * FROM `lamp_category` WHERE ( pid=2 )  [ RunTime:0.0000s ]

[ 2016-11-02T23:42:07+08:00 ] ::1 /second_object_demo/index.php/Home/Search/address.html?pid=null
INFO: [ app_begin ] --START--
INFO: Run Behavior\ReadHtmlCacheBehavior [ RunTime:0.001000s ]
INFO: [ app_begin ] --END-- [ RunTime:0.003000s ]
SQL: SHOW COLUMNS FROM `lamp_category` [ RunTime:0.0230s ]
SQL: SELECT * FROM `lamp_category` WHERE ( pid=null )  [ RunTime:0.0500s ]

[ 2016-11-02T23:42:08+08:00 ] ::1 /second_object_demo/index.php/Home/Search/address.html?pid=5
INFO: [ app_begin ] --START--
INFO: Run Behavior\ReadHtmlCacheBehavior [ RunTime:0.001000s ]
INFO: [ app_begin ] --END-- [ RunTime:0.002000s ]
SQL: SHOW COLUMNS FROM `lamp_category` [ RunTime:0.0350s ]
SQL: SELECT * FROM `lamp_category` WHERE ( pid=5 )  [ RunTime:0.0000s ]

[ 2016-11-02T23:42:08+08:00 ] ::1 /second_object_demo/index.php/Home/Search/address.html?pid=15
INFO: [ app_begin ] --START--
INFO: Run Behavior\ReadHtmlCacheBehavior [ RunTime:0.002000s ]
INFO: [ app_begin ] --END-- [ RunTime:0.002000s ]
SQL: SHOW COLUMNS FROM `lamp_category` [ RunTime:0.0300s ]
SQL: SELECT * FROM `lamp_category` WHERE ( pid=15 )  [ RunTime:0.0010s ]

[ 2016-11-02T23:42:35+08:00 ] ::1 /second_object_demo/index.php/Home/Search/address.html
INFO: [ app_begin ] --START--
INFO: Run Behavior\ReadHtmlCacheBehavior [ RunTime:0.002001s ]
INFO: [ app_begin ] --END-- [ RunTime:0.002001s ]
SQL: SHOW COLUMNS FROM `lamp_category` [ RunTime:0.0160s ]
SQL: SELECT * FROM `lamp_category` WHERE ( pid=0 )  [ RunTime:0.0020s ]

[ 2016-11-02T23:42:35+08:00 ] ::1 /second_object_demo/index.php/Home/Search/address.html?pid=1
INFO: [ app_begin ] --START--
INFO: Run Behavior\ReadHtmlCacheBehavior [ RunTime:0.002001s ]
INFO: [ app_begin ] --END-- [ RunTime:0.002001s ]
SQL: SHOW COLUMNS FROM `lamp_category` [ RunTime:0.0870s ]
SQL: SELECT * FROM `lamp_category` WHERE ( pid=1 )  [ RunTime:0.0010s ]

[ 2016-11-02T23:42:42+08:00 ] ::1 /second_object_demo/index.php/Home/Search/address.html?pid=4
INFO: [ app_begin ] --START--
INFO: Run Behavior\ReadHtmlCacheBehavior [ RunTime:0.002000s ]
INFO: [ app_begin ] --END-- [ RunTime:0.003000s ]
SQL: SHOW COLUMNS FROM `lamp_category` [ RunTime:0.0070s ]
SQL: SELECT * FROM `lamp_category` WHERE ( pid=4 )  [ RunTime:0.0000s ]

[ 2016-11-02T23:43:46+08:00 ] ::1 /second_object_demo/index.php/Home/Search/address.html
INFO: [ app_begin ] --START--
INFO: Run Behavior\ReadHtmlCacheBehavior [ RunTime:0.002001s ]
INFO: [ app_begin ] --END-- [ RunTime:0.002001s ]
SQL: SHOW COLUMNS FROM `lamp_category` [ RunTime:0.0010s ]
SQL: SELECT * FROM `lamp_category` WHERE ( pid=0 )  [ RunTime:0.0010s ]

[ 2016-11-02T23:43:46+08:00 ] ::1 /second_object_demo/index.php/Home/Search/address.html?pid=1
INFO: [ app_begin ] --START--
INFO: Run Behavior\ReadHtmlCacheBehavior [ RunTime:0.002000s ]
INFO: [ app_begin ] --END-- [ RunTime:0.002000s ]
SQL: SHOW COLUMNS FROM `lamp_category` [ RunTime:0.0010s ]
SQL: SELECT * FROM `lamp_category` WHERE ( pid=1 )  [ RunTime:0.0010s ]

[ 2016-11-02T23:43:51+08:00 ] ::1 /second_object_demo/index.php/Home/Search/address.html?pid=2
INFO: [ app_begin ] --START--
INFO: Run Behavior\ReadHtmlCacheBehavior [ RunTime:0.001000s ]
INFO: [ app_begin ] --END-- [ RunTime:0.002000s ]
SQL: SHOW COLUMNS FROM `lamp_category` [ RunTime:0.0010s ]
SQL: SELECT * FROM `lamp_category` WHERE ( pid=2 )  [ RunTime:0.0000s ]

[ 2016-11-02T23:43:53+08:00 ] ::1 /second_object_demo/index.php/Home/Search/address.html?pid=4
INFO: [ app_begin ] --START--
INFO: Run Behavior\ReadHtmlCacheBehavior [ RunTime:0.001000s ]
INFO: [ app_begin ] --END-- [ RunTime:0.002000s ]
SQL: SHOW COLUMNS FROM `lamp_category` [ RunTime:0.0010s ]
SQL: SELECT * FROM `lamp_category` WHERE ( pid=4 )  [ RunTime:0.0000s ]

[ 2016-11-02T23:45:20+08:00 ] ::1 /second_object_demo/index.php/Home/Search/address.html?pid=5
INFO: [ app_begin ] --START--
INFO: Run Behavior\ReadHtmlCacheBehavior [ RunTime:0.001000s ]
INFO: [ app_begin ] --END-- [ RunTime:0.002000s ]
SQL: SHOW COLUMNS FROM `lamp_category` [ RunTime:0.0000s ]
SQL: SELECT * FROM `lamp_category` WHERE ( pid=5 )  [ RunTime:0.0010s ]

