[ 2016-10-27T11:45:52+08:00 ] ::1 /second_object_demo/Public/Home/images/ce.jpg
ERR: 无法加载模块:Public

[ 2016-10-27T11:45:52+08:00 ] ::1 /second_object_demo/Public/Home/js/scripts.js
ERR: 无法加载模块:Public

[ 2016-10-27T11:45:53+08:00 ] ::1 /second_object_demo/Public/Home/images/ce1.jpg
ERR: 无法加载模块:Public

[ 2016-10-27T11:45:53+08:00 ] ::1 /second_object_demo/Public/Home/css/styles.css
ERR: 无法加载模块:Public

[ 2016-10-27T11:45:53+08:00 ] ::1 /second_object_demo/Public/Home/images/ce2.jpg
ERR: 无法加载模块:Public

[ 2016-10-27T11:45:53+08:00 ] ::1 /second_object_demo/Public/Home/js/easyResponsiveTabs.js
ERR: 无法加载模块:Public

[ 2016-10-27T11:45:53+08:00 ] ::1 /second_object_demo/Public/Home/images/ce3.jpg
ERR: 无法加载模块:Public

[ 2016-10-27T11:45:53+08:00 ] ::1 /second_object_demo/Public/Home/images/ce4.jpg
ERR: 无法加载模块:Public

[ 2016-10-27T11:45:53+08:00 ] ::1 /second_object_demo/Public/Home/js/jquery.magnific-popup.js
ERR: 无法加载模块:Public

[ 2016-10-27T11:45:53+08:00 ] ::1 /second_object_demo/Public/Home/images/ce5.jpg
ERR: 无法加载模块:Public

[ 2016-10-27T11:45:53+08:00 ] ::1 /second_object_demo/Public/Home/css/popuo-box.css
ERR: 无法加载模块:Public

[ 2016-10-27T11:45:53+08:00 ] ::1 /second_object_demo/images/pi.jpg
ERR: 无法加载模块:Images

[ 2016-10-27T11:45:53+08:00 ] ::1 /second_object_demo/Public/Home/js/easyResponsiveTabs.js
ERR: 无法加载模块:Public

[ 2016-10-27T11:45:53+08:00 ] ::1 /second_object_demo/images/pi3.jpg
ERR: 无法加载模块:Images

[ 2016-10-27T11:45:53+08:00 ] ::1 /second_object_demo/images/pi1.jpg
ERR: 无法加载模块:Images

[ 2016-10-27T11:45:53+08:00 ] ::1 /second_object_demo/Public/Home/fonts/glyphicons-halflings-regular.woff
ERR: 无法加载模块:Public

[ 2016-10-27T11:45:53+08:00 ] ::1 /second_object_demo/images/pi2.jpg
ERR: 无法加载模块:Images

[ 2016-10-27T11:45:54+08:00 ] ::1 /second_object_demo/Public/Home/images/ce1.jpg
ERR: 无法加载模块:Public

[ 2016-10-27T11:45:54+08:00 ] ::1 /second_object_demo/Public/Home/images/ce.jpg
ERR: 无法加载模块:Public

[ 2016-10-27T11:45:54+08:00 ] ::1 /second_object_demo/Public/Home/images/ce3.jpg
ERR: 无法加载模块:Public

[ 2016-10-27T11:45:54+08:00 ] ::1 /second_object_demo/Public/Home/images/ce5.jpg
ERR: 无法加载模块:Public

[ 2016-10-27T11:45:54+08:00 ] ::1 /second_object_demo/images/pi1.jpg
ERR: 无法加载模块:Images

[ 2016-10-27T11:45:54+08:00 ] ::1 /second_object_demo/images/pi.jpg
ERR: 无法加载模块:Images

[ 2016-10-27T11:45:54+08:00 ] ::1 /second_object_demo/Public/Home/images/ce4.jpg
ERR: 无法加载模块:Public

[ 2016-10-27T11:45:54+08:00 ] ::1 /second_object_demo/Public/Home/images/ce2.jpg
ERR: 无法加载模块:Public

[ 2016-10-27T11:45:54+08:00 ] ::1 /second_object_demo/Public/Home/fonts/glyphicons-halflings-regular.ttf
ERR: 无法加载模块:Public

[ 2016-10-27T11:45:54+08:00 ] ::1 /second_object_demo/images/pi3.jpg
ERR: 无法加载模块:Images

[ 2016-10-27T11:45:54+08:00 ] ::1 /second_object_demo/images/pi2.jpg
ERR: 无法加载模块:Images

[ 2016-10-27T11:45:54+08:00 ] ::1 /second_object_demo/images/pi3.jpg
ERR: 无法加载模块:Images

[ 2016-10-27T11:45:54+08:00 ] ::1 /second_object_demo/images/pi.jpg
ERR: 无法加载模块:Images

[ 2016-10-27T11:45:54+08:00 ] ::1 /second_object_demo/images/pi1.jpg
ERR: 无法加载模块:Images

[ 2016-10-27T11:45:54+08:00 ] ::1 /second_object_demo/images/pi2.jpg
ERR: 无法加载模块:Images

[ 2016-10-27T11:49:07+08:00 ] ::1 /second_object_demo/images/pi.jpg
ERR: 无法加载模块:Images

[ 2016-10-27T11:49:07+08:00 ] ::1 /second_object_demo/images/pi1.jpg
ERR: 无法加载模块:Images

[ 2016-10-27T11:49:07+08:00 ] ::1 /second_object_demo/images/pi2.jpg
ERR: 无法加载模块:Images

[ 2016-10-27T11:49:07+08:00 ] ::1 /second_object_demo/images/pi.jpg
ERR: 无法加载模块:Images

[ 2016-10-27T11:49:07+08:00 ] ::1 /second_object_demo/images/pi2.jpg
ERR: 无法加载模块:Images

[ 2016-10-27T11:49:07+08:00 ] ::1 /second_object_demo/images/pi1.jpg
ERR: 无法加载模块:Images

[ 2016-10-27T11:49:07+08:00 ] ::1 /second_object_demo/images/pi3.jpg
ERR: 无法加载模块:Images

[ 2016-10-27T11:49:08+08:00 ] ::1 /second_object_demo/images/pi.jpg
ERR: 无法加载模块:Images

[ 2016-10-27T11:49:08+08:00 ] ::1 /second_object_demo/images/pi1.jpg
ERR: 无法加载模块:Images

[ 2016-10-27T11:49:08+08:00 ] ::1 /second_object_demo/images/pi3.jpg
ERR: 无法加载模块:Images

[ 2016-10-27T11:49:08+08:00 ] ::1 /second_object_demo/images/pi2.jpg
ERR: 无法加载模块:Images

